Unity Editor version:    2020.3.25f1 (9b9180224418)
Branch:                  2020.3/staging
Build type:              Release
Batch mode:              YES
macOS version:           Version 11.6.1 (Build 20G224)
Darwin version:          20.6.0
Architecture:            x86_64
Running under Rosetta:   NO
Available memory:        32768 MB
Using pre-set license
Pro License: NO

COMMAND LINE ARGUMENTS:
/Applications/Unity/Hub/Editor/2020.3.25f1/Unity.app/Contents/MacOS/Unity
-adb2
-batchMode
-noUpm
-name
AssetImportWorker0
-projectPath
/Users/evandaley/Documents/Sites/Unity/GameDev_ProceduralAssets/Procedural_URP
-logFile
Logs/AssetImportWorker0.log
-srvPort
62397
Successfully changed project path to: /Users/evandaley/Documents/Sites/Unity/GameDev_ProceduralAssets/Procedural_URP
/Users/evandaley/Documents/Sites/Unity/GameDev_ProceduralAssets/Procedural_URP
Using Asset Import Pipeline V2.
Refreshing native plugins compatible for Editor in 80.62 ms, found 3 plugins.
Preloading 1 native plugins for Editor in 6.03 ms.
Initialize engine version: 2020.3.25f1 (9b9180224418)
[Subsystems] Discovering subsystems at path /Applications/Unity/Hub/Editor/2020.3.25f1/Unity.app/Contents/Resources/UnitySubsystems
[Subsystems] Discovering subsystems at path /Users/evandaley/Documents/Sites/Unity/GameDev_ProceduralAssets/Procedural_URP/Assets
GfxDevice: creating device client; threaded=0
2022-01-10 19:50:42.201 Unity[45917:1303194] Color LCD preferred device: Intel(R) Iris(TM) Plus Graphics (low power)
2022-01-10 19:50:42.202 Unity[45917:1303194] Metal devices available: 1
2022-01-10 19:50:42.202 Unity[45917:1303194] 0: Intel(R) Iris(TM) Plus Graphics (low power)
2022-01-10 19:50:42.202 Unity[45917:1303194] Using device Intel(R) Iris(TM) Plus Graphics (low power)
Initializing Metal device caps: Intel(R) Iris(TM) Plus Graphics
Initialize mono
Mono path[0] = '/Applications/Unity/Hub/Editor/2020.3.25f1/Unity.app/Contents/Managed'
Mono path[1] = '/Applications/Unity/Hub/Editor/2020.3.25f1/Unity.app/Contents/MonoBleedingEdge/lib/mono/unityjit'
Mono config path = '/Applications/Unity/Hub/Editor/2020.3.25f1/Unity.app/Contents/MonoBleedingEdge/etc'
Using monoOptions --debugger-agent=transport=dt_socket,embedding=1,server=y,suspend=n,address=127.0.0.1:56917
Begin MonoManager ReloadAssembly
Registering precompiled unity dll's ...
Register platform support module: /Applications/Unity/Hub/Editor/2020.3.25f1/Unity.app/Contents/PlaybackEngines/MacStandaloneSupport/UnityEditor.OSXStandalone.Extensions.dll
Registered in 0.003393 seconds.
Native extension for OSXStandalone target not found
Refreshing native plugins compatible for Editor in 54.66 ms, found 3 plugins.
Preloading 1 native plugins for Editor in 0.44 ms.
Mono: successfully reloaded assembly
- Completed reload, in  0.698 seconds
Domain Reload Profiling:
	ReloadAssembly (698ms)
		BeginReloadAssembly (47ms)
			ExecutionOrderSort (0ms)
			DisableScriptedObjects (0ms)
			BackupInstance (0ms)
			ReleaseScriptingObjects (0ms)
			CreateAndSetChildDomain (1ms)
		EndReloadAssembly (561ms)
			LoadAssemblies (48ms)
			RebuildTransferFunctionScriptingTraits (0ms)
			SetupTypeCache (206ms)
			ReleaseScriptCaches (0ms)
			RebuildScriptCaches (40ms)
			SetupLoadedEditorAssemblies (220ms)
				LogAssemblyErrors (0ms)
				InitializePlatformSupportModulesInManaged (5ms)
				SetLoadedEditorAssemblies (0ms)
				RefreshPlugins (55ms)
				BeforeProcessingInitializeOnLoad (11ms)
				ProcessInitializeOnLoadAttributes (113ms)
				ProcessInitializeOnLoadMethodAttributes (35ms)
				AfterProcessingInitializeOnLoad (0ms)
				EditorAssembliesLoaded (0ms)
			ExecutionOrderSort2 (0ms)
			AwakeInstancesAfterBackupRestoration (0ms)
Platform modules already initialized, skipping
Registering precompiled user dll's ...
Registered in 0.011044 seconds.
Begin MonoManager ReloadAssembly
Native extension for OSXStandalone target not found
Refreshing native plugins compatible for Editor in 56.22 ms, found 3 plugins.
Preloading 1 native plugins for Editor in 0.45 ms.
Mono: successfully reloaded assembly
- Completed reload, in  1.464 seconds
Domain Reload Profiling:
	ReloadAssembly (1466ms)
		BeginReloadAssembly (176ms)
			ExecutionOrderSort (0ms)
			DisableScriptedObjects (5ms)
			BackupInstance (0ms)
			ReleaseScriptingObjects (0ms)
			CreateAndSetChildDomain (36ms)
		EndReloadAssembly (1218ms)
			LoadAssemblies (153ms)
			RebuildTransferFunctionScriptingTraits (0ms)
			SetupTypeCache (410ms)
			ReleaseScriptCaches (1ms)
			RebuildScriptCaches (76ms)
			SetupLoadedEditorAssemblies (425ms)
				LogAssemblyErrors (0ms)
				InitializePlatformSupportModulesInManaged (3ms)
				SetLoadedEditorAssemblies (0ms)
				RefreshPlugins (57ms)
				BeforeProcessingInitializeOnLoad (93ms)
				ProcessInitializeOnLoadAttributes (255ms)
				ProcessInitializeOnLoadMethodAttributes (15ms)
				AfterProcessingInitializeOnLoad (1ms)
				EditorAssembliesLoaded (0ms)
			ExecutionOrderSort2 (0ms)
			AwakeInstancesAfterBackupRestoration (7ms)
Platform modules already initialized, skipping
Validating Project structure ... 0.001940 seconds.
Shader import version has changed; will reimport all shaders...
Upgrading shader files ...0.002748 seconds.
Application.AssetDatabase Initial Script Refresh Start
RefreshInfo: InitialScriptRefreshV2(NoUpdateAssetOptions) scanfilter:  ... 1 filters
RefreshProfiler: Total: 0.000ms
Application.AssetDatabase Initial Script Refresh End
Application.AssetDatabase.Refresh Start
Application.AssetDatabase.Refresh End
RefreshInfo: StopAssetImportingV2(ForceSynchronousImport) scanfilter: 
RefreshProfiler: Total: 0.000ms
Launching external process: /Applications/Unity/Hub/Editor/2020.3.25f1/Unity.app/Contents/Tools/UnityShaderCompiler
Launched and connected shader compiler UnityShaderCompiler after 0.02 seconds
Initializing Unity extensions:
========================================================================
Worker process is ready to serve import requests
Refreshing native plugins compatible for Editor in 0.68 ms, found 3 plugins.
Preloading 1 native plugins for Editor in 0.57 ms.
Unloading 2920 Unused Serialized files (Serialized files now loaded: 0)
System memory in use before: 233.4 MB.
System memory in use after: 233.2 MB.

Unloading 126 unused Assets to reduce memory usage. Loaded Objects now: 3389.
Total: 3.031010 ms (FindLiveObjects: 0.268505 ms CreateObjectMapping: 0.086783 ms MarkObjects: 2.468998 ms  DeleteObjects: 0.205827 ms)

AssetImportParameters requested are different than current active one (requested -> active):
  custom:video-decoder-ogg-theora: a1e56fd34408186e4bbccfd4996cb3dc -> 
  custom:container-muxer-webm: aa71ff27fc2769a1b78a27578f13a17b -> 
  custom:container-demuxer-webm: 4f35f7cbe854078d1ac9338744f61a02 -> 
  custom:container-demuxer-ogg: 62fdf1f143b41e24485cea50d1cbac27 -> 
  custom:video-encoder-webm-vp8: eb34c28f22e8b96e1ab97ce403110664 -> 
  custom:framework-osx-AVFoundation: e770b220cccbd017edd2c1fefb359320 -> 
  custom:video-decoder-webm-vp8: 9c59270c3fd7afecdb556c50c9e8de78 -> 
  custom:audio-decoder-ogg-vorbis: bf7c407c2cedff20999df2af8eb42d56 -> 
  custom:audio-encoder-webm-vorbis: bf7c407c2cedff20999df2af8eb42d56 -> 
========================================================================
Received Import Request.
  path: Assets/Scenes/SampleScene.unity
  artifactKey: Guid(d1c3109bdb54ad54c8a2b2838528e640) Importer(815301076,1909f56bfc062723c751e8b465ee728b)
Start importing Assets/Scenes/SampleScene.unity using Guid(d1c3109bdb54ad54c8a2b2838528e640) Importer(815301076,1909f56bfc062723c751e8b465ee728b)  -> (artifact id: '1a7c01bc8ed57adf1ede3d700e613d7f') in 0.014237 seconds 
  Import took 0.019354 seconds .

========================================================================
Received Import Request.
  Time since last request: 0.000457 seconds.
  path: Assets/Scenes/SampleSceneLightingSettings.lighting
  artifactKey: Guid(477cc4148fad3449482a3bc3178594e2) Importer(815301076,1909f56bfc062723c751e8b465ee728b)
Start importing Assets/Scenes/SampleSceneLightingSettings.lighting using Guid(477cc4148fad3449482a3bc3178594e2) Importer(815301076,1909f56bfc062723c751e8b465ee728b)  -> (artifact id: '4a26a52e718306fba651ad1c5ff177c0') in 1.195921 seconds 
  Import took 1.203880 seconds .

========================================================================
Received Import Request.
  Time since last request: 16.477499 seconds.
  path: Assets/Scenes/Sandbox_Enemy.unity
  artifactKey: Guid(dd518dc3abced45c380f99d61077dd8d) Importer(815301076,1909f56bfc062723c751e8b465ee728b)
Start importing Assets/Scenes/Sandbox_Enemy.unity using Guid(dd518dc3abced45c380f99d61077dd8d) Importer(815301076,1909f56bfc062723c751e8b465ee728b)  -> (artifact id: 'c017b40bbc7f2baad8e4b1e61b19d2df') in 0.005326 seconds 
  Import took 0.015767 seconds .

========================================================================
Received Import Request.
  Time since last request: 20.289986 seconds.
  path: Assets/Scenes/Sandbox_Weapon.unity
  artifactKey: Guid(f7e4283319d2c41d09e04e19a6893a39) Importer(815301076,1909f56bfc062723c751e8b465ee728b)
Start importing Assets/Scenes/Sandbox_Weapon.unity using Guid(f7e4283319d2c41d09e04e19a6893a39) Importer(815301076,1909f56bfc062723c751e8b465ee728b)  -> (artifact id: '80a01b3d71450c1a205574e5ca2979df') in 0.005385 seconds 
  Import took 0.015393 seconds .

========================================================================
Received Import Request.
  Time since last request: 9.918600 seconds.
  path: Assets/Scenes/Sandbox
  artifactKey: Guid(263a96fb6d44a4145b6f16e81394bd04) Importer(815301076,1909f56bfc062723c751e8b465ee728b)
Start importing Assets/Scenes/Sandbox using Guid(263a96fb6d44a4145b6f16e81394bd04) Importer(815301076,1909f56bfc062723c751e8b465ee728b)  -> (artifact id: '7ffc926a33ad0724de7728bd6a187d5b') in 0.005879 seconds 
  Import took 0.014051 seconds .

========================================================================
Received Import Request.
  Time since last request: 10.289194 seconds.
  path: Assets/Scenes/Sandbox/Weapon.unity
  artifactKey: Guid(f7e4283319d2c41d09e04e19a6893a39) Importer(815301076,1909f56bfc062723c751e8b465ee728b)
Start importing Assets/Scenes/Sandbox/Weapon.unity using Guid(f7e4283319d2c41d09e04e19a6893a39) Importer(815301076,1909f56bfc062723c751e8b465ee728b)  -> (artifact id: '6db5036eae99ce5d43c89e31d9300298') in 0.003165 seconds 
  Import took 0.011415 seconds .

========================================================================
Received Import Request.
  Time since last request: 3.995101 seconds.
  path: Assets/Scenes/Sandbox/Enemy.unity
  artifactKey: Guid(dd518dc3abced45c380f99d61077dd8d) Importer(815301076,1909f56bfc062723c751e8b465ee728b)
Start importing Assets/Scenes/Sandbox/Enemy.unity using Guid(dd518dc3abced45c380f99d61077dd8d) Importer(815301076,1909f56bfc062723c751e8b465ee728b)  -> (artifact id: '7704147727f8b97e9762e4d189210217') in 0.003104 seconds 
  Import took 0.009140 seconds .

========================================================================
Received Import Request.
  Time since last request: 90.712300 seconds.
  path: Assets/Scenes/Sandbox/Enemy.unity
  artifactKey: Guid(dd518dc3abced45c380f99d61077dd8d) Importer(815301076,1909f56bfc062723c751e8b465ee728b)
Start importing Assets/Scenes/Sandbox/Enemy.unity using Guid(dd518dc3abced45c380f99d61077dd8d) Importer(815301076,1909f56bfc062723c751e8b465ee728b)  -> (artifact id: 'f4ed8922016e55899189981bea564904') in 0.004990 seconds 
  Import took 0.013139 seconds .

========================================================================
Received Import Request.
  Time since last request: 6.535495 seconds.
  path: Assets/Scenes/Sandbox/EnemyAI.unity
  artifactKey: Guid(dd518dc3abced45c380f99d61077dd8d) Importer(815301076,1909f56bfc062723c751e8b465ee728b)
Start importing Assets/Scenes/Sandbox/EnemyAI.unity using Guid(dd518dc3abced45c380f99d61077dd8d) Importer(815301076,1909f56bfc062723c751e8b465ee728b)  -> (artifact id: '6276468aa0c0236449ddb2647b92171f') in 0.003751 seconds 
  Import took 0.011664 seconds .

========================================================================
Received Import Request.
  Time since last request: 3.941174 seconds.
  path: Assets/Scripts/SimpleCameraController.cs
  artifactKey: Guid(be76e5f14cfee674cb30b491fb72b09b) Importer(815301076,1909f56bfc062723c751e8b465ee728b)
Start importing Assets/Scripts/SimpleCameraController.cs using Guid(be76e5f14cfee674cb30b491fb72b09b) Importer(815301076,1909f56bfc062723c751e8b465ee728b)  -> (artifact id: 'f7d3030d053341df958ee2b667ccbc5c') in 0.322005 seconds 
  Import took 0.330226 seconds .

========================================================================
Received Prepare
Registering precompiled user dll's ...
Registered in 0.002351 seconds.
Begin MonoManager ReloadAssembly
Native extension for OSXStandalone target not found
Refreshing native plugins compatible for Editor in 0.63 ms, found 3 plugins.
Preloading 1 native plugins for Editor in 0.59 ms.
Mono: successfully reloaded assembly
- Completed reload, in  1.345 seconds
Domain Reload Profiling:
	ReloadAssembly (1345ms)
		BeginReloadAssembly (142ms)
			ExecutionOrderSort (0ms)
			DisableScriptedObjects (6ms)
			BackupInstance (0ms)
			ReleaseScriptingObjects (0ms)
			CreateAndSetChildDomain (79ms)
		EndReloadAssembly (1135ms)
			LoadAssemblies (75ms)
			RebuildTransferFunctionScriptingTraits (0ms)
			SetupTypeCache (397ms)
			ReleaseScriptCaches (2ms)
			RebuildScriptCaches (70ms)
			SetupLoadedEditorAssemblies (398ms)
				LogAssemblyErrors (0ms)
				InitializePlatformSupportModulesInManaged (4ms)
				SetLoadedEditorAssemblies (1ms)
				RefreshPlugins (1ms)
				BeforeProcessingInitializeOnLoad (129ms)
				ProcessInitializeOnLoadAttributes (251ms)
				ProcessInitializeOnLoadMethodAttributes (9ms)
				AfterProcessingInitializeOnLoad (2ms)
				EditorAssembliesLoaded (0ms)
			ExecutionOrderSort2 (0ms)
			AwakeInstancesAfterBackupRestoration (12ms)
Platform modules already initialized, skipping
Refreshing native plugins compatible for Editor in 0.62 ms, found 3 plugins.
Preloading 1 native plugins for Editor in 0.53 ms.
Unloading 2791 Unused Serialized files (Serialized files now loaded: 0)
System memory in use before: 233.4 MB.
System memory in use after: 233.6 MB.

Unloading 18 unused Assets to reduce memory usage. Loaded Objects now: 3393.
Total: 2.981186 ms (FindLiveObjects: 0.191318 ms CreateObjectMapping: 0.088471 ms MarkObjects: 2.682671 ms  DeleteObjects: 0.017912 ms)

AssetImportParameters requested are different than current active one (requested -> active):
  custom:video-decoder-ogg-theora: a1e56fd34408186e4bbccfd4996cb3dc -> 
  custom:container-muxer-webm: aa71ff27fc2769a1b78a27578f13a17b -> 
  custom:container-demuxer-webm: 4f35f7cbe854078d1ac9338744f61a02 -> 
  custom:container-demuxer-ogg: 62fdf1f143b41e24485cea50d1cbac27 -> 
  custom:video-encoder-webm-vp8: eb34c28f22e8b96e1ab97ce403110664 -> 
  custom:framework-osx-AVFoundation: e770b220cccbd017edd2c1fefb359320 -> 
  custom:video-decoder-webm-vp8: 9c59270c3fd7afecdb556c50c9e8de78 -> 
  custom:audio-decoder-ogg-vorbis: bf7c407c2cedff20999df2af8eb42d56 -> 
  custom:audio-encoder-webm-vorbis: bf7c407c2cedff20999df2af8eb42d56 -> 
========================================================================
Received Import Request.
  Time since last request: 55.993973 seconds.
  path: Assets/Scripts/NPC
  artifactKey: Guid(60d84497accda420a81e518f4061e3ba) Importer(815301076,1909f56bfc062723c751e8b465ee728b)
Start importing Assets/Scripts/NPC using Guid(60d84497accda420a81e518f4061e3ba) Importer(815301076,1909f56bfc062723c751e8b465ee728b)  -> (artifact id: '3feb6a748f3ef9fcb8243ba297921409') in 0.011167 seconds 
  Import took 0.019618 seconds .

========================================================================
Received Import Request.
  Time since last request: 16.336200 seconds.
  path: Assets/Scripts/NPC/Pathfinding.cs
  artifactKey: Guid(f74fbd5e31a5d46859c808d5b2219ccb) Importer(815301076,1909f56bfc062723c751e8b465ee728b)
Start importing Assets/Scripts/NPC/Pathfinding.cs using Guid(f74fbd5e31a5d46859c808d5b2219ccb) Importer(815301076,1909f56bfc062723c751e8b465ee728b)  -> (artifact id: 'bf3472046573be7531d77ff068ca94ec') in 0.003414 seconds 
  Import took 0.008801 seconds .

========================================================================
Received Prepare
Registering precompiled user dll's ...
Registered in 0.002391 seconds.
Begin MonoManager ReloadAssembly
Native extension for OSXStandalone target not found
Refreshing native plugins compatible for Editor in 0.57 ms, found 3 plugins.
Preloading 1 native plugins for Editor in 0.53 ms.
Mono: successfully reloaded assembly
- Completed reload, in  1.228 seconds
Domain Reload Profiling:
	ReloadAssembly (1229ms)
		BeginReloadAssembly (129ms)
			ExecutionOrderSort (0ms)
			DisableScriptedObjects (4ms)
			BackupInstance (0ms)
			ReleaseScriptingObjects (0ms)
			CreateAndSetChildDomain (71ms)
		EndReloadAssembly (1034ms)
			LoadAssemblies (74ms)
			RebuildTransferFunctionScriptingTraits (0ms)
			SetupTypeCache (387ms)
			ReleaseScriptCaches (1ms)
			RebuildScriptCaches (52ms)
			SetupLoadedEditorAssemblies (356ms)
				LogAssemblyErrors (0ms)
				InitializePlatformSupportModulesInManaged (5ms)
				SetLoadedEditorAssemblies (1ms)
				RefreshPlugins (1ms)
				BeforeProcessingInitializeOnLoad (118ms)
				ProcessInitializeOnLoadAttributes (219ms)
				ProcessInitializeOnLoadMethodAttributes (11ms)
				AfterProcessingInitializeOnLoad (1ms)
				EditorAssembliesLoaded (0ms)
			ExecutionOrderSort2 (0ms)
			AwakeInstancesAfterBackupRestoration (10ms)
Platform modules already initialized, skipping
Refreshing native plugins compatible for Editor in 0.56 ms, found 3 plugins.
Preloading 1 native plugins for Editor in 0.44 ms.
Unloading 2792 Unused Serialized files (Serialized files now loaded: 0)
System memory in use before: 233.7 MB.
System memory in use after: 233.9 MB.

Unloading 17 unused Assets to reduce memory usage. Loaded Objects now: 3397.
Total: 3.141360 ms (FindLiveObjects: 0.256104 ms CreateObjectMapping: 0.137933 ms MarkObjects: 2.724078 ms  DeleteObjects: 0.022292 ms)

AssetImportParameters requested are different than current active one (requested -> active):
  custom:video-decoder-ogg-theora: a1e56fd34408186e4bbccfd4996cb3dc -> 
  custom:container-muxer-webm: aa71ff27fc2769a1b78a27578f13a17b -> 
  custom:container-demuxer-webm: 4f35f7cbe854078d1ac9338744f61a02 -> 
  custom:container-demuxer-ogg: 62fdf1f143b41e24485cea50d1cbac27 -> 
  custom:video-encoder-webm-vp8: eb34c28f22e8b96e1ab97ce403110664 -> 
  custom:framework-osx-AVFoundation: e770b220cccbd017edd2c1fefb359320 -> 
  custom:video-decoder-webm-vp8: 9c59270c3fd7afecdb556c50c9e8de78 -> 
  custom:audio-decoder-ogg-vorbis: bf7c407c2cedff20999df2af8eb42d56 -> 
  custom:audio-encoder-webm-vorbis: bf7c407c2cedff20999df2af8eb42d56 -> 
========================================================================
Received Import Request.
  Time since last request: 76.792511 seconds.
  path: Assets/Scripts/NPC/Pathfinding.cs
  artifactKey: Guid(f74fbd5e31a5d46859c808d5b2219ccb) Importer(815301076,1909f56bfc062723c751e8b465ee728b)
Start importing Assets/Scripts/NPC/Pathfinding.cs using Guid(f74fbd5e31a5d46859c808d5b2219ccb) Importer(815301076,1909f56bfc062723c751e8b465ee728b)  -> (artifact id: '008bd784b46704cb47aa14fa6e016a7a') in 0.013425 seconds 
  Import took 0.025024 seconds .

========================================================================
Received Prepare
Registering precompiled user dll's ...
Registered in 0.003352 seconds.
Begin MonoManager ReloadAssembly
Native extension for OSXStandalone target not found
Refreshing native plugins compatible for Editor in 0.72 ms, found 3 plugins.
Preloading 1 native plugins for Editor in 0.51 ms.
Mono: successfully reloaded assembly
- Completed reload, in  1.388 seconds
Domain Reload Profiling:
	ReloadAssembly (1388ms)
		BeginReloadAssembly (149ms)
			ExecutionOrderSort (0ms)
			DisableScriptedObjects (4ms)
			BackupInstance (0ms)
			ReleaseScriptingObjects (0ms)
			CreateAndSetChildDomain (83ms)
		EndReloadAssembly (1168ms)
			LoadAssemblies (83ms)
			RebuildTransferFunctionScriptingTraits (0ms)
			SetupTypeCache (430ms)
			ReleaseScriptCaches (2ms)
			RebuildScriptCaches (65ms)
			SetupLoadedEditorAssemblies (399ms)
				LogAssemblyErrors (0ms)
				InitializePlatformSupportModulesInManaged (4ms)
				SetLoadedEditorAssemblies (1ms)
				RefreshPlugins (1ms)
				BeforeProcessingInitializeOnLoad (136ms)
				ProcessInitializeOnLoadAttributes (246ms)
				ProcessInitializeOnLoadMethodAttributes (9ms)
				AfterProcessingInitializeOnLoad (1ms)
				EditorAssembliesLoaded (0ms)
			ExecutionOrderSort2 (0ms)
			AwakeInstancesAfterBackupRestoration (11ms)
Platform modules already initialized, skipping
Refreshing native plugins compatible for Editor in 0.72 ms, found 3 plugins.
Preloading 1 native plugins for Editor in 0.57 ms.
Unloading 2792 Unused Serialized files (Serialized files now loaded: 0)
System memory in use before: 233.9 MB.
System memory in use after: 234.1 MB.

Unloading 17 unused Assets to reduce memory usage. Loaded Objects now: 3400.
Total: 2.988376 ms (FindLiveObjects: 0.240647 ms CreateObjectMapping: 0.089929 ms MarkObjects: 2.637038 ms  DeleteObjects: 0.019732 ms)

AssetImportParameters requested are different than current active one (requested -> active):
  custom:video-decoder-ogg-theora: a1e56fd34408186e4bbccfd4996cb3dc -> 
  custom:container-muxer-webm: aa71ff27fc2769a1b78a27578f13a17b -> 
  custom:container-demuxer-webm: 4f35f7cbe854078d1ac9338744f61a02 -> 
  custom:container-demuxer-ogg: 62fdf1f143b41e24485cea50d1cbac27 -> 
  custom:video-encoder-webm-vp8: eb34c28f22e8b96e1ab97ce403110664 -> 
  custom:framework-osx-AVFoundation: e770b220cccbd017edd2c1fefb359320 -> 
  custom:video-decoder-webm-vp8: 9c59270c3fd7afecdb556c50c9e8de78 -> 
  custom:audio-decoder-ogg-vorbis: bf7c407c2cedff20999df2af8eb42d56 -> 
  custom:audio-encoder-webm-vorbis: bf7c407c2cedff20999df2af8eb42d56 -> 
========================================================================
Received Prepare
Registering precompiled user dll's ...
Registered in 0.002918 seconds.
Begin MonoManager ReloadAssembly
Native extension for OSXStandalone target not found
Refreshing native plugins compatible for Editor in 0.77 ms, found 3 plugins.
Preloading 1 native plugins for Editor in 0.63 ms.
Mono: successfully reloaded assembly
- Completed reload, in  1.410 seconds
Domain Reload Profiling:
	ReloadAssembly (1411ms)
		BeginReloadAssembly (146ms)
			ExecutionOrderSort (0ms)
			DisableScriptedObjects (5ms)
			BackupInstance (0ms)
			ReleaseScriptingObjects (0ms)
			CreateAndSetChildDomain (81ms)
		EndReloadAssembly (1189ms)
			LoadAssemblies (90ms)
			RebuildTransferFunctionScriptingTraits (0ms)
			SetupTypeCache (446ms)
			ReleaseScriptCaches (1ms)
			RebuildScriptCaches (60ms)
			SetupLoadedEditorAssemblies (402ms)
				LogAssemblyErrors (0ms)
				InitializePlatformSupportModulesInManaged (4ms)
				SetLoadedEditorAssemblies (0ms)
				RefreshPlugins (1ms)
				BeforeProcessingInitializeOnLoad (133ms)
				ProcessInitializeOnLoadAttributes (253ms)
				ProcessInitializeOnLoadMethodAttributes (10ms)
				AfterProcessingInitializeOnLoad (1ms)
				EditorAssembliesLoaded (0ms)
			ExecutionOrderSort2 (0ms)
			AwakeInstancesAfterBackupRestoration (11ms)
Platform modules already initialized, skipping
Refreshing native plugins compatible for Editor in 0.76 ms, found 3 plugins.
Preloading 1 native plugins for Editor in 0.49 ms.
Unloading 2792 Unused Serialized files (Serialized files now loaded: 0)
System memory in use before: 234.2 MB.
System memory in use after: 234.4 MB.

Unloading 17 unused Assets to reduce memory usage. Loaded Objects now: 3403.
Total: 3.198084 ms (FindLiveObjects: 0.242609 ms CreateObjectMapping: 0.109815 ms MarkObjects: 2.789826 ms  DeleteObjects: 0.054633 ms)

AssetImportParameters requested are different than current active one (requested -> active):
  custom:video-decoder-ogg-theora: a1e56fd34408186e4bbccfd4996cb3dc -> 
  custom:container-muxer-webm: aa71ff27fc2769a1b78a27578f13a17b -> 
  custom:container-demuxer-webm: 4f35f7cbe854078d1ac9338744f61a02 -> 
  custom:container-demuxer-ogg: 62fdf1f143b41e24485cea50d1cbac27 -> 
  custom:video-encoder-webm-vp8: eb34c28f22e8b96e1ab97ce403110664 -> 
  custom:framework-osx-AVFoundation: e770b220cccbd017edd2c1fefb359320 -> 
  custom:video-decoder-webm-vp8: 9c59270c3fd7afecdb556c50c9e8de78 -> 
  custom:audio-decoder-ogg-vorbis: bf7c407c2cedff20999df2af8eb42d56 -> 
  custom:audio-encoder-webm-vorbis: bf7c407c2cedff20999df2af8eb42d56 -> 
========================================================================
Received Import Request.
  Time since last request: 31.442078 seconds.
  path: Assets/Scenes/Sandbox/EnemyAI.unity
  artifactKey: Guid(dd518dc3abced45c380f99d61077dd8d) Importer(815301076,1909f56bfc062723c751e8b465ee728b)
Start importing Assets/Scenes/Sandbox/EnemyAI.unity using Guid(dd518dc3abced45c380f99d61077dd8d) Importer(815301076,1909f56bfc062723c751e8b465ee728b)  -> (artifact id: 'c770f64ebbe335230ffcb2d4dab658fc') in 0.023794 seconds 
  Import took 0.031772 seconds .

========================================================================
Received Prepare
Registering precompiled user dll's ...
Registered in 0.005808 seconds.
Begin MonoManager ReloadAssembly
Native extension for OSXStandalone target not found
Refreshing native plugins compatible for Editor in 0.97 ms, found 3 plugins.
Preloading 1 native plugins for Editor in 0.48 ms.
Mono: successfully reloaded assembly
- Completed reload, in  1.341 seconds
Domain Reload Profiling:
	ReloadAssembly (1341ms)
		BeginReloadAssembly (154ms)
			ExecutionOrderSort (0ms)
			DisableScriptedObjects (5ms)
			BackupInstance (0ms)
			ReleaseScriptingObjects (0ms)
			CreateAndSetChildDomain (83ms)
		EndReloadAssembly (1111ms)
			LoadAssemblies (84ms)
			RebuildTransferFunctionScriptingTraits (0ms)
			SetupTypeCache (398ms)
			ReleaseScriptCaches (1ms)
			RebuildScriptCaches (57ms)
			SetupLoadedEditorAssemblies (392ms)
				LogAssemblyErrors (0ms)
				InitializePlatformSupportModulesInManaged (4ms)
				SetLoadedEditorAssemblies (1ms)
				RefreshPlugins (1ms)
				BeforeProcessingInitializeOnLoad (137ms)
				ProcessInitializeOnLoadAttributes (238ms)
				ProcessInitializeOnLoadMethodAttributes (10ms)
				AfterProcessingInitializeOnLoad (1ms)
				EditorAssembliesLoaded (0ms)
			ExecutionOrderSort2 (0ms)
			AwakeInstancesAfterBackupRestoration (11ms)
Platform modules already initialized, skipping
Refreshing native plugins compatible for Editor in 0.55 ms, found 3 plugins.
Preloading 1 native plugins for Editor in 0.44 ms.
Unloading 2792 Unused Serialized files (Serialized files now loaded: 0)
System memory in use before: 234.7 MB.
System memory in use after: 234.9 MB.

Unloading 17 unused Assets to reduce memory usage. Loaded Objects now: 3406.
Total: 5.017125 ms (FindLiveObjects: 0.198453 ms CreateObjectMapping: 0.092640 ms MarkObjects: 4.701753 ms  DeleteObjects: 0.023182 ms)

AssetImportParameters requested are different than current active one (requested -> active):
  custom:video-decoder-ogg-theora: a1e56fd34408186e4bbccfd4996cb3dc -> 
  custom:container-muxer-webm: aa71ff27fc2769a1b78a27578f13a17b -> 
  custom:container-demuxer-webm: 4f35f7cbe854078d1ac9338744f61a02 -> 
  custom:container-demuxer-ogg: 62fdf1f143b41e24485cea50d1cbac27 -> 
  custom:video-encoder-webm-vp8: eb34c28f22e8b96e1ab97ce403110664 -> 
  custom:framework-osx-AVFoundation: e770b220cccbd017edd2c1fefb359320 -> 
  custom:video-decoder-webm-vp8: 9c59270c3fd7afecdb556c50c9e8de78 -> 
  custom:audio-decoder-ogg-vorbis: bf7c407c2cedff20999df2af8eb42d56 -> 
  custom:audio-encoder-webm-vorbis: bf7c407c2cedff20999df2af8eb42d56 -> 
========================================================================
Received Import Request.
  Time since last request: 8051.354519 seconds.
  path: Assets/Settings/ForwardRenderer.asset
  artifactKey: Guid(4a8e21d5c33334b11b34a596161b9360) Importer(815301076,1909f56bfc062723c751e8b465ee728b)
Start importing Assets/Settings/ForwardRenderer.asset using Guid(4a8e21d5c33334b11b34a596161b9360) Importer(815301076,1909f56bfc062723c751e8b465ee728b)  -> (artifact id: '63cf95242464b0f1307a08bc2392aaaa') in 0.371364 seconds 
  Import took 0.386008 seconds .

========================================================================
Received Import Request.
  Time since last request: 0.000503 seconds.
  path: Assets/Settings/SampleSceneProfile.asset
  artifactKey: Guid(10fc4df2da32a41aaa32d77bc913491c) Importer(815301076,1909f56bfc062723c751e8b465ee728b)
Start importing Assets/Settings/SampleSceneProfile.asset using Guid(10fc4df2da32a41aaa32d77bc913491c) Importer(815301076,1909f56bfc062723c751e8b465ee728b)  -> (artifact id: 'd2b3f476ab718b1cf20d183dd9addfe7') in 0.014589 seconds 
  Import took 0.020368 seconds .

========================================================================
Received Import Request.
  Time since last request: 0.000279 seconds.
  path: Assets/Settings/UniversalRP-LowQuality.asset
  artifactKey: Guid(a31e9f9f9c9d4b9429ed0d1234e22103) Importer(815301076,1909f56bfc062723c751e8b465ee728b)
Start importing Assets/Settings/UniversalRP-LowQuality.asset using Guid(a31e9f9f9c9d4b9429ed0d1234e22103) Importer(815301076,1909f56bfc062723c751e8b465ee728b)  -> (artifact id: 'b226a0bb157262eadf686f6bb5b5f1f8') in 0.004567 seconds 
  Import took 0.010183 seconds .

========================================================================
Received Import Request.
  Time since last request: 0.000296 seconds.
  path: Assets/Settings/UniversalRP-MediumQuality.asset
  artifactKey: Guid(d847b876476d3d6468f5dfcd34266f96) Importer(815301076,1909f56bfc062723c751e8b465ee728b)
Start importing Assets/Settings/UniversalRP-MediumQuality.asset using Guid(d847b876476d3d6468f5dfcd34266f96) Importer(815301076,1909f56bfc062723c751e8b465ee728b)  -> (artifact id: 'd421f548a6507a11f25ec3578746e9c1') in 0.006154 seconds 
  Import took 0.011719 seconds .

========================================================================
Received Import Request.
  Time since last request: 0.000428 seconds.
  path: Assets/Settings/UniversalRP-HighQuality.asset
  artifactKey: Guid(19ba41d7c0026c3459d37c2fe90c55a0) Importer(815301076,1909f56bfc062723c751e8b465ee728b)
Start importing Assets/Settings/UniversalRP-HighQuality.asset using Guid(19ba41d7c0026c3459d37c2fe90c55a0) Importer(815301076,1909f56bfc062723c751e8b465ee728b)  -> (artifact id: '02e18c1f933b70f494440bf5e7626866') in 0.006365 seconds 
  Import took 0.012899 seconds .

========================================================================
Received Import Request.
  Time since last request: 0.105684 seconds.
  path: Assets/XR/XRGeneralSettings.asset
  artifactKey: Guid(ebe8dfed4dbe448c58961df5585926ef) Importer(815301076,1909f56bfc062723c751e8b465ee728b)
Start importing Assets/XR/XRGeneralSettings.asset using Guid(ebe8dfed4dbe448c58961df5585926ef) Importer(815301076,1909f56bfc062723c751e8b465ee728b)  -> (artifact id: '8c9799a7fc04d9a44c2d162b717069e5') in 0.020524 seconds 
  Import took 0.028590 seconds .

========================================================================
Received Import Request.
  Time since last request: 3.523120 seconds.
  path: Assets/TutorialInfo/Scripts
  artifactKey: Guid(5a9bcd70e6a4b4b05badaa72e827d8e0) Importer(815301076,1909f56bfc062723c751e8b465ee728b)
Start importing Assets/TutorialInfo/Scripts using Guid(5a9bcd70e6a4b4b05badaa72e827d8e0) Importer(815301076,1909f56bfc062723c751e8b465ee728b)  -> (artifact id: '2381cffa6438b17ca19b3c642f224055') in 0.000971 seconds 
  Import took 0.006199 seconds .

========================================================================
Received Import Request.
  Time since last request: 0.861715 seconds.
  path: Assets/TutorialInfo/Scripts/Readme.cs
  artifactKey: Guid(fcf7219bab7fe46a1ad266029b2fee19) Importer(815301076,1909f56bfc062723c751e8b465ee728b)
Start importing Assets/TutorialInfo/Scripts/Readme.cs using Guid(fcf7219bab7fe46a1ad266029b2fee19) Importer(815301076,1909f56bfc062723c751e8b465ee728b)  -> (artifact id: '43153c73d46c6cf684442b7768fcc020') in 0.005792 seconds 
  Import took 0.010744 seconds .

========================================================================
Received Import Request.
  Time since last request: 8.660308 seconds.
  path: Assets/TutorialInfo/Icons/Help_Icon.png
  artifactKey: Guid(34f556d724b1bbf4097ca6220db2c581) Importer(815301076,1909f56bfc062723c751e8b465ee728b)
Start importing Assets/TutorialInfo/Icons/Help_Icon.png using Guid(34f556d724b1bbf4097ca6220db2c581) Importer(815301076,1909f56bfc062723c751e8b465ee728b)  -> (artifact id: 'd44cd57fc4feab842adb57b231d71887') in 1.271815 seconds 
  Import took 1.282659 seconds .

========================================================================
Received Import Request.
  Time since last request: 0.000413 seconds.
  path: Assets/TutorialInfo/Icons/UniversalIcon.png
  artifactKey: Guid(7801804018a7dcf42abb827444e18660) Importer(815301076,1909f56bfc062723c751e8b465ee728b)
Start importing Assets/TutorialInfo/Icons/UniversalIcon.png using Guid(7801804018a7dcf42abb827444e18660) Importer(815301076,1909f56bfc062723c751e8b465ee728b)  -> (artifact id: '2469af74232faa562fa73eb837360c84') in 0.025875 seconds 
  Import took 0.031016 seconds .

========================================================================
Received Import Request.
  Time since last request: 65.630251 seconds.
  path: Assets/Materials/Skybox_Mat.mat
  artifactKey: Guid(0ffaa0b7117ba8c47a9d05ae701d4b4d) Importer(815301076,1909f56bfc062723c751e8b465ee728b)
Start importing Assets/Materials/Skybox_Mat.mat using Guid(0ffaa0b7117ba8c47a9d05ae701d4b4d) Importer(815301076,1909f56bfc062723c751e8b465ee728b)  -> (artifact id: '4d54ab3375f41efad00566dcae11def2') in 0.377577 seconds 
  Import took 0.388121 seconds .

========================================================================
Received Import Request.
  Time since last request: 20.368401 seconds.
  path: Assets/Presets/AudioCompressedInMemory.preset
  artifactKey: Guid(2dd802e4d37c65149922028d3e973832) Importer(815301076,1909f56bfc062723c751e8b465ee728b)
Start importing Assets/Presets/AudioCompressedInMemory.preset using Guid(2dd802e4d37c65149922028d3e973832) Importer(815301076,1909f56bfc062723c751e8b465ee728b)  -> (artifact id: 'ac4de02398cfe62c06251b0f50233ebf') in 0.181705 seconds 
  Import took 0.192176 seconds .

========================================================================
Received Import Request.
  Time since last request: 0.000518 seconds.
  path: Assets/Presets/AudioStreaming.preset
  artifactKey: Guid(86bcce7f5575b54408aa0f3a7d321039) Importer(815301076,1909f56bfc062723c751e8b465ee728b)
Start importing Assets/Presets/AudioStreaming.preset using Guid(86bcce7f5575b54408aa0f3a7d321039) Importer(815301076,1909f56bfc062723c751e8b465ee728b)  -> (artifact id: '9982fbd60bc57b892b2c54d34a0163c0') in 0.002698 seconds 
  Import took 0.007283 seconds .

========================================================================
Received Import Request.
  Time since last request: 0.000452 seconds.
  path: Assets/Presets/NormalTexture.preset
  artifactKey: Guid(14a57cf3b9fa1c74b884aa7e0dcf1faa) Importer(815301076,1909f56bfc062723c751e8b465ee728b)
Start importing Assets/Presets/NormalTexture.preset using Guid(14a57cf3b9fa1c74b884aa7e0dcf1faa) Importer(815301076,1909f56bfc062723c751e8b465ee728b)  -> (artifact id: '9c195482fc53bc4f53f643643f636469') in 0.004565 seconds 
  Import took 0.009545 seconds .

========================================================================
Received Import Request.
  Time since last request: 0.000322 seconds.
  path: Assets/Presets/UtilityTexture.preset
  artifactKey: Guid(45f7b2e3c78185248b3adbb14429c2ab) Importer(815301076,1909f56bfc062723c751e8b465ee728b)
Start importing Assets/Presets/UtilityTexture.preset using Guid(45f7b2e3c78185248b3adbb14429c2ab) Importer(815301076,1909f56bfc062723c751e8b465ee728b)  -> (artifact id: 'ab9c1faeeb59b745cafa0ae79c874a42') in 0.003955 seconds 
  Import took 0.009411 seconds .

========================================================================
Received Import Request.
  Time since last request: 59.462310 seconds.
  path: Assets/Materials/Shader
  artifactKey: Guid(8eab162adc20141d881e1bd84308ba06) Importer(815301076,1909f56bfc062723c751e8b465ee728b)
Start importing Assets/Materials/Shader using Guid(8eab162adc20141d881e1bd84308ba06) Importer(815301076,1909f56bfc062723c751e8b465ee728b)  -> (artifact id: '5e67faf6c72074bc55058afe848e07d5') in 0.001691 seconds 
  Import took 0.007120 seconds .

========================================================================
Received Import Request.
  Time since last request: 15.690732 seconds.
  path: Assets/Materials/Shader/ShaderTest1.shadergraph
  artifactKey: Guid(424c4573a496e4117b6f0e7aa0ddfd33) Importer(815301076,1909f56bfc062723c751e8b465ee728b)
Start importing Assets/Materials/Shader/ShaderTest1.shadergraph using Guid(424c4573a496e4117b6f0e7aa0ddfd33) Importer(815301076,1909f56bfc062723c751e8b465ee728b)  -> (artifact id: '1ee3099f12473714215234f29d7ead1a') in 0.177312 seconds 
  Import took 0.184998 seconds .

========================================================================
Received Import Request.
  Time since last request: 23.649743 seconds.
  path: Assets/Materials/ShaderTestMat.mat
  artifactKey: Guid(2f2573736921144e6ac46f6d58d9b014) Importer(815301076,1909f56bfc062723c751e8b465ee728b)
Start importing Assets/Materials/ShaderTestMat.mat using Guid(2f2573736921144e6ac46f6d58d9b014) Importer(815301076,1909f56bfc062723c751e8b465ee728b)  -> (artifact id: '63e0ad6cdf452ddbfe00ab8d1721d6b5') in 0.080500 seconds 
  Import took 0.087667 seconds .

========================================================================
Received Import Request.
  Time since last request: 25.603901 seconds.
  path: Assets/Materials/Shader/ShaderTest1.shadergraph
  artifactKey: Guid(424c4573a496e4117b6f0e7aa0ddfd33) Importer(815301076,1909f56bfc062723c751e8b465ee728b)
Start importing Assets/Materials/Shader/ShaderTest1.shadergraph using Guid(424c4573a496e4117b6f0e7aa0ddfd33) Importer(815301076,1909f56bfc062723c751e8b465ee728b)  -> (artifact id: '4e708b183639bfe29d2ade6f09085190') in 0.006186 seconds 
  Import took 0.011396 seconds .

========================================================================
Received Import Request.
  Time since last request: 40.474907 seconds.
  path: Assets/ExampleAssets/Shaders
  artifactKey: Guid(eb6819cbd279a3941a65f1689b2f621e) Importer(815301076,1909f56bfc062723c751e8b465ee728b)
Start importing Assets/ExampleAssets/Shaders using Guid(eb6819cbd279a3941a65f1689b2f621e) Importer(815301076,1909f56bfc062723c751e8b465ee728b)  -> (artifact id: 'e590aefae26cd28906a7fcc67f064dd5') in 0.001831 seconds 
  Import took 0.010008 seconds .

========================================================================
Received Import Request.
  Time since last request: 1.868085 seconds.
  path: Assets/ExampleAssets/Prefabs/Construction Light Low.prefab
  artifactKey: Guid(bf0a225a9ff184f2789f3036faaa9150) Importer(815301076,1909f56bfc062723c751e8b465ee728b)
Start importing Assets/ExampleAssets/Prefabs/Construction Light Low.prefab using Guid(bf0a225a9ff184f2789f3036faaa9150) Importer(815301076,1909f56bfc062723c751e8b465ee728b)  -> (artifact id: 'b9f74b3dba46066064816d7e6692d99d') in 0.909498 seconds 
  Import took 0.919758 seconds .

========================================================================
Received Import Request.
  Time since last request: 0.000515 seconds.
  path: Assets/ExampleAssets/Models/hammer_low.fbx
  artifactKey: Guid(68a66fb5a71f8204a8dcb613c97d1fa8) Importer(815301076,1909f56bfc062723c751e8b465ee728b)
Start importing Assets/ExampleAssets/Models/hammer_low.fbx using Guid(68a66fb5a71f8204a8dcb613c97d1fa8) Importer(815301076,1909f56bfc062723c751e8b465ee728b)  -> (artifact id: 'a0098d2334523c92cc3d702ca4ee63b2') in 0.562469 seconds 
  Import took 0.571537 seconds .

========================================================================
Received Import Request.
  Time since last request: 0.000452 seconds.
  path: Assets/ExampleAssets/Materials/ConstructionLight_Mat.mat
  artifactKey: Guid(49076442eeb7e054b8e8869f8b40656d) Importer(815301076,1909f56bfc062723c751e8b465ee728b)
Start importing Assets/ExampleAssets/Materials/ConstructionLight_Mat.mat using Guid(49076442eeb7e054b8e8869f8b40656d) Importer(815301076,1909f56bfc062723c751e8b465ee728b)  -> (artifact id: '057c629e9591e646e979d0fd0d9eba29') in 0.039203 seconds 
  Import took 0.044980 seconds .

========================================================================
Received Import Request.
  Time since last request: 0.000301 seconds.
  path: Assets/ExampleAssets/Prefabs/Paint Supplies.prefab
  artifactKey: Guid(283e6530a665e4513959d1cd4883682f) Importer(815301076,1909f56bfc062723c751e8b465ee728b)
Start importing Assets/ExampleAssets/Prefabs/Paint Supplies.prefab using Guid(283e6530a665e4513959d1cd4883682f) Importer(815301076,1909f56bfc062723c751e8b465ee728b)  -> (artifact id: '62b5a261c2bfc66e84c83c897bf34b0a') in 2.109789 seconds 
  Import took 2.115619 seconds .

========================================================================
Received Import Request.
  Time since last request: 0.000222 seconds.
  path: Assets/ExampleAssets/Materials/Metal_Simple_Mat.mat
  artifactKey: Guid(a0427cf339e5891468d5f2b433b2d44a) Importer(815301076,1909f56bfc062723c751e8b465ee728b)
Start importing Assets/ExampleAssets/Materials/Metal_Simple_Mat.mat using Guid(a0427cf339e5891468d5f2b433b2d44a) Importer(815301076,1909f56bfc062723c751e8b465ee728b)  -> (artifact id: 'ed8fef95f5cf1ab691e96a9fc0590164') in 0.012974 seconds 
  Import took 0.018719 seconds .

========================================================================
Received Import Request.
  Time since last request: 0.000317 seconds.
  path: Assets/ExampleAssets/Models/jigsaw_low.fbx
  artifactKey: Guid(8b73e8872ca76104bbca4ee2b704a1b4) Importer(815301076,1909f56bfc062723c751e8b465ee728b)
Start importing Assets/ExampleAssets/Models/jigsaw_low.fbx using Guid(8b73e8872ca76104bbca4ee2b704a1b4) Importer(815301076,1909f56bfc062723c751e8b465ee728b)  -> (artifact id: '87b286f23ab1406b66ffa7fd117ec63a') in 0.047828 seconds 
  Import took 0.052734 seconds .

========================================================================
Received Import Request.
  Time since last request: 0.000298 seconds.
  path: Assets/ExampleAssets/Models/magneticlevel_low.fbx
  artifactKey: Guid(bae110eee250e4b418b188f4ae4e3170) Importer(815301076,1909f56bfc062723c751e8b465ee728b)
Start importing Assets/ExampleAssets/Models/magneticlevel_low.fbx using Guid(bae110eee250e4b418b188f4ae4e3170) Importer(815301076,1909f56bfc062723c751e8b465ee728b)  -> (artifact id: 'b7daa638a4f61892d85b4e50fee1e849') in 0.411020 seconds 
  Import took 0.416686 seconds .

========================================================================
Received Import Request.
  Time since last request: 0.000200 seconds.
  path: Assets/ExampleAssets/Materials/Plastic_Transparent.mat
  artifactKey: Guid(8a38b7350df9a9c438e568993a00e5c5) Importer(815301076,1909f56bfc062723c751e8b465ee728b)
Start importing Assets/ExampleAssets/Materials/Plastic_Transparent.mat using Guid(8a38b7350df9a9c438e568993a00e5c5) Importer(815301076,1909f56bfc062723c751e8b465ee728b)  -> (artifact id: 'aa88e47cc5ed2495feca365ac46df73c') in 0.011268 seconds 
  Import took 0.016568 seconds .

========================================================================
Received Import Request.
  Time since last request: 0.000316 seconds.
  path: Assets/ExampleAssets/Materials/Jigsaw_Mat.mat
  artifactKey: Guid(801db2d997a562b4ea333aa4593ce0f0) Importer(815301076,1909f56bfc062723c751e8b465ee728b)
Start importing Assets/ExampleAssets/Materials/Jigsaw_Mat.mat using Guid(801db2d997a562b4ea333aa4593ce0f0) Importer(815301076,1909f56bfc062723c751e8b465ee728b)  -> (artifact id: '8c2c3e8b482bfe7692597efc101f542e') in 0.057047 seconds 
  Import took 0.063994 seconds .

========================================================================
Received Import Request.
  Time since last request: 0.000283 seconds.
  path: Assets/ExampleAssets/Models/brush_low.fbx
  artifactKey: Guid(aed8c47425ab91f4eb06ce6fe47c3e4e) Importer(815301076,1909f56bfc062723c751e8b465ee728b)
Start importing Assets/ExampleAssets/Models/brush_low.fbx using Guid(aed8c47425ab91f4eb06ce6fe47c3e4e) Importer(815301076,1909f56bfc062723c751e8b465ee728b)  -> (artifact id: '3e9112836ff5ae65005d884998ee7751') in 0.053167 seconds 
  Import took 0.061807 seconds .

========================================================================
Received Import Request.
  Time since last request: 0.000520 seconds.
  path: Assets/ExampleAssets/Materials/Hammer_Mat.mat
  artifactKey: Guid(4efcffd7ae23f1e41943fd914b18da10) Importer(815301076,1909f56bfc062723c751e8b465ee728b)
Start importing Assets/ExampleAssets/Materials/Hammer_Mat.mat using Guid(4efcffd7ae23f1e41943fd914b18da10) Importer(815301076,1909f56bfc062723c751e8b465ee728b)  -> (artifact id: 'e35e9c0d8e130d6ff509af1a613494d7') in 0.028688 seconds 
  Import took 0.035128 seconds .

========================================================================
Received Import Request.
  Time since last request: 0.000253 seconds.
  path: Assets/ExampleAssets/Models/Workshop_Set.fbx
  artifactKey: Guid(47616bd0cda748d4cbedcfc908506b9d) Importer(815301076,1909f56bfc062723c751e8b465ee728b)
Start importing Assets/ExampleAssets/Models/Workshop_Set.fbx using Guid(47616bd0cda748d4cbedcfc908506b9d) Importer(815301076,1909f56bfc062723c751e8b465ee728b)  -> (artifact id: 'e07793a4d2b03e0e09167bfceb24a94b') in 0.194514 seconds 
  Import took 0.200002 seconds .

========================================================================
Received Import Request.
  Time since last request: 0.000232 seconds.
  path: Assets/ExampleAssets/Materials/Plastic_Gray_Mat.mat
  artifactKey: Guid(4dad30bbe2213eb4d8312f7bb6190866) Importer(815301076,1909f56bfc062723c751e8b465ee728b)
Start importing Assets/ExampleAssets/Materials/Plastic_Gray_Mat.mat using Guid(4dad30bbe2213eb4d8312f7bb6190866) Importer(815301076,1909f56bfc062723c751e8b465ee728b)  -> (artifact id: '54ab71af590679b32677dc30ed226a51') in 0.039429 seconds 
  Import took 0.045345 seconds .

========================================================================
Received Import Request.
  Time since last request: 0.000381 seconds.
  path: Assets/ExampleAssets/Materials/PaintLabel_Mat.mat
  artifactKey: Guid(3da4aad06945bbf4baf801c2aacbc01e) Importer(815301076,1909f56bfc062723c751e8b465ee728b)
Start importing Assets/ExampleAssets/Materials/PaintLabel_Mat.mat using Guid(3da4aad06945bbf4baf801c2aacbc01e) Importer(815301076,1909f56bfc062723c751e8b465ee728b)  -> (artifact id: '8c36a7279f016c98e6c23d7bc391d33c') in 0.016766 seconds 
  Import took 0.022882 seconds .

========================================================================
Received Import Request.
  Time since last request: 0.000271 seconds.
  path: Assets/ExampleAssets/Models/ConstructionLight_Low.fbx
  artifactKey: Guid(e3ae06a3979f53046aa05330d69de1fa) Importer(815301076,1909f56bfc062723c751e8b465ee728b)
Start importing Assets/ExampleAssets/Models/ConstructionLight_Low.fbx using Guid(e3ae06a3979f53046aa05330d69de1fa) Importer(815301076,1909f56bfc062723c751e8b465ee728b)  -> (artifact id: '89b2f32173df055a9d31b242b3d5989c') in 0.148504 seconds 
  Import took 0.156522 seconds .

========================================================================
Received Import Request.
  Time since last request: 0.000322 seconds.
  path: Assets/ExampleAssets/Prefabs/Props.prefab
  artifactKey: Guid(85dfab9623c67784fa7894de63cd1604) Importer(815301076,1909f56bfc062723c751e8b465ee728b)
Start importing Assets/ExampleAssets/Prefabs/Props.prefab using Guid(85dfab9623c67784fa7894de63cd1604) Importer(815301076,1909f56bfc062723c751e8b465ee728b)  -> (artifact id: '23563b599c648e10e5cef0a87a160110') in 0.104431 seconds 
  Import took 0.112176 seconds .

========================================================================
Received Import Request.
  Time since last request: 0.000259 seconds.
  path: Assets/ExampleAssets/Materials/LightBulb_Mat.mat
  artifactKey: Guid(ec739259ec61f5d4ba3ed6d34fd802a6) Importer(815301076,1909f56bfc062723c751e8b465ee728b)
Start importing Assets/ExampleAssets/Materials/LightBulb_Mat.mat using Guid(ec739259ec61f5d4ba3ed6d34fd802a6) Importer(815301076,1909f56bfc062723c751e8b465ee728b)  -> (artifact id: '6ed9e64f0d16e62cbd185bf095894f5b') in 0.016173 seconds 
  Import took 0.021560 seconds .

========================================================================
Received Import Request.
  Time since last request: 0.000249 seconds.
  path: Assets/ExampleAssets/Materials/Plastic_Ridges_Mat.mat
  artifactKey: Guid(c05de7c865075334786e6a47a543af72) Importer(815301076,1909f56bfc062723c751e8b465ee728b)
Start importing Assets/ExampleAssets/Materials/Plastic_Ridges_Mat.mat using Guid(c05de7c865075334786e6a47a543af72) Importer(815301076,1909f56bfc062723c751e8b465ee728b)  -> (artifact id: '867bca899d157f77d37634eafef9f1aa') in 0.030551 seconds 
  Import took 0.038187 seconds .

========================================================================
Received Import Request.
  Time since last request: 0.000367 seconds.
  path: Assets/ExampleAssets/Materials/Metal_Blue_Simple_Mat.mat
  artifactKey: Guid(cd71291c91c8cce499cb663b5db9970e) Importer(815301076,1909f56bfc062723c751e8b465ee728b)
Start importing Assets/ExampleAssets/Materials/Metal_Blue_Simple_Mat.mat using Guid(cd71291c91c8cce499cb663b5db9970e) Importer(815301076,1909f56bfc062723c751e8b465ee728b)  -> (artifact id: '91d0adbd293f6d73553ee1adc198f712') in 0.015311 seconds 
  Import took 0.022603 seconds .

========================================================================
Received Import Request.
  Time since last request: 0.000332 seconds.
  path: Assets/ExampleAssets/Materials/Stud_Mat.mat
  artifactKey: Guid(027cb3d3d7dc79d41ad763e01759de07) Importer(815301076,1909f56bfc062723c751e8b465ee728b)
Start importing Assets/ExampleAssets/Materials/Stud_Mat.mat using Guid(027cb3d3d7dc79d41ad763e01759de07) Importer(815301076,1909f56bfc062723c751e8b465ee728b)  -> (artifact id: '2fa2aecd2a25a8d8aaf6cdad1b5a242e') in 0.016282 seconds 
  Import took 0.021904 seconds .

========================================================================
Received Import Request.
  Time since last request: 0.000285 seconds.
  path: Assets/ExampleAssets/Models/safetyhat_low.fbx
  artifactKey: Guid(9d0d902f71acfe646a46cb625f815a49) Importer(815301076,1909f56bfc062723c751e8b465ee728b)
Start importing Assets/ExampleAssets/Models/safetyhat_low.fbx using Guid(9d0d902f71acfe646a46cb625f815a49) Importer(815301076,1909f56bfc062723c751e8b465ee728b)  -> (artifact id: '5935c6193b6a59e066fce2003b46692c') in 0.058247 seconds 
  Import took 0.063750 seconds .

========================================================================
Received Import Request.
  Time since last request: 0.000288 seconds.
  path: Assets/ExampleAssets/Models/small_plane.fbx
  artifactKey: Guid(aeaee610429f51f44981e141eb2a3545) Importer(815301076,1909f56bfc062723c751e8b465ee728b)
Start importing Assets/ExampleAssets/Models/small_plane.fbx using Guid(aeaee610429f51f44981e141eb2a3545) Importer(815301076,1909f56bfc062723c751e8b465ee728b)  -> (artifact id: 'f21ffefb080f2bc5460e0e031b036c2e') in 0.050799 seconds 
  Import took 0.058115 seconds .

========================================================================
Received Import Request.
  Time since last request: 0.000210 seconds.
  path: Assets/ExampleAssets/Materials/DryWall_Mat.mat
  artifactKey: Guid(a68228c24abfa2f4b8954d7b0148f799) Importer(815301076,1909f56bfc062723c751e8b465ee728b)
Start importing Assets/ExampleAssets/Materials/DryWall_Mat.mat using Guid(a68228c24abfa2f4b8954d7b0148f799) Importer(815301076,1909f56bfc062723c751e8b465ee728b)  -> (artifact id: '6b1d94bab502ca3021b8842519c6e122') in 0.025548 seconds 
  Import took 0.031274 seconds .

========================================================================
Received Import Request.
  Time since last request: 0.000215 seconds.
  path: Assets/ExampleAssets/Materials/Strap_Mat.mat
  artifactKey: Guid(81c1860e7800e5340bf8a54c565ba9ea) Importer(815301076,1909f56bfc062723c751e8b465ee728b)
Start importing Assets/ExampleAssets/Materials/Strap_Mat.mat using Guid(81c1860e7800e5340bf8a54c565ba9ea) Importer(815301076,1909f56bfc062723c751e8b465ee728b)  -> (artifact id: 'a542234631127ea0c107d7d268657760') in 0.010936 seconds 
  Import took 0.015724 seconds .

========================================================================
Received Import Request.
  Time since last request: 0.000284 seconds.
  path: Assets/ExampleAssets/Models/safetygoggles_low.fbx
  artifactKey: Guid(6296e48663fd7ad46b1a2af507f871cf) Importer(815301076,1909f56bfc062723c751e8b465ee728b)
Start importing Assets/ExampleAssets/Models/safetygoggles_low.fbx using Guid(6296e48663fd7ad46b1a2af507f871cf) Importer(815301076,1909f56bfc062723c751e8b465ee728b)  -> (artifact id: '4ae8946a3f99a923f7803907a8c27ead') in 0.085046 seconds 
  Import took 0.090570 seconds .

========================================================================
Received Import Request.
  Time since last request: 0.000298 seconds.
  path: Assets/ExampleAssets/Prefabs/Workshop Set.prefab
  artifactKey: Guid(a87f0180d46fd334b9025d0314a0dc70) Importer(815301076,1909f56bfc062723c751e8b465ee728b)
Start importing Assets/ExampleAssets/Prefabs/Workshop Set.prefab using Guid(a87f0180d46fd334b9025d0314a0dc70) Importer(815301076,1909f56bfc062723c751e8b465ee728b)  -> (artifact id: 'bb59fe35b46f6d5fb8977cb67aad7d68') in 0.055798 seconds 
  Import took 0.061047 seconds .

========================================================================
Received Import Request.
  Time since last request: 0.000294 seconds.
  path: Assets/ExampleAssets/Materials/Plastic_Rough_Mat.mat
  artifactKey: Guid(a5aaee4111611af43b5abbff184fe5fa) Importer(815301076,1909f56bfc062723c751e8b465ee728b)
Start importing Assets/ExampleAssets/Materials/Plastic_Rough_Mat.mat using Guid(a5aaee4111611af43b5abbff184fe5fa) Importer(815301076,1909f56bfc062723c751e8b465ee728b)  -> (artifact id: 'fe4d08b544b44bbbf01fdafd95ff430a') in 0.014590 seconds 
  Import took 0.019219 seconds .

========================================================================
Received Import Request.
  Time since last request: 0.000333 seconds.
  path: Assets/ExampleAssets/Models/Stud.fbx
  artifactKey: Guid(34624edaccd9d704a95ed404d919b492) Importer(815301076,1909f56bfc062723c751e8b465ee728b)
Start importing Assets/ExampleAssets/Models/Stud.fbx using Guid(34624edaccd9d704a95ed404d919b492) Importer(815301076,1909f56bfc062723c751e8b465ee728b)  -> (artifact id: 'fb17f227481600cbf7b05869a1581d00') in 0.077412 seconds 
  Import took 0.082670 seconds .

========================================================================
Received Import Request.
  Time since last request: 0.000274 seconds.
  path: Assets/ExampleAssets/Materials/Ground_Mat.mat
  artifactKey: Guid(d92ef32394b5f474385d74b565a7bdd7) Importer(815301076,1909f56bfc062723c751e8b465ee728b)
Start importing Assets/ExampleAssets/Materials/Ground_Mat.mat using Guid(d92ef32394b5f474385d74b565a7bdd7) Importer(815301076,1909f56bfc062723c751e8b465ee728b)  -> (artifact id: '464ecfb875d680da63be4f88529f4394') in 0.034593 seconds 
  Import took 0.039428 seconds .

========================================================================
Received Import Request.
  Time since last request: 0.000322 seconds.
  path: Assets/ExampleAssets/Prefabs/Workbench_LOD0.prefab
  artifactKey: Guid(c0adcaeba3022437293536832628fdf8) Importer(815301076,1909f56bfc062723c751e8b465ee728b)
Start importing Assets/ExampleAssets/Prefabs/Workbench_LOD0.prefab using Guid(c0adcaeba3022437293536832628fdf8) Importer(815301076,1909f56bfc062723c751e8b465ee728b)  -> (artifact id: 'b196feb218f52a596f6f84baec0baa31') in 0.022504 seconds 
  Import took 0.027359 seconds .

========================================================================
Received Import Request.
  Time since last request: 0.000386 seconds.
  path: Assets/ExampleAssets/Prefabs/Workbench.prefab
  artifactKey: Guid(8850d132797ff49298ba781e8e1c9bfe) Importer(815301076,1909f56bfc062723c751e8b465ee728b)
Start importing Assets/ExampleAssets/Prefabs/Workbench.prefab using Guid(8850d132797ff49298ba781e8e1c9bfe) Importer(815301076,1909f56bfc062723c751e8b465ee728b)  -> (artifact id: '1dbe68a2deb797bc729746166f43451f') in 0.059112 seconds 
  Import took 0.065400 seconds .

========================================================================
Received Import Request.
  Time since last request: 0.000330 seconds.
  path: Assets/ExampleAssets/Materials/Plastic_Yellow_Mat.mat
  artifactKey: Guid(bd2d742ee2ce7a740ae0cf992a38be74) Importer(815301076,1909f56bfc062723c751e8b465ee728b)
Start importing Assets/ExampleAssets/Materials/Plastic_Yellow_Mat.mat using Guid(bd2d742ee2ce7a740ae0cf992a38be74) Importer(815301076,1909f56bfc062723c751e8b465ee728b)  -> (artifact id: 'b4a82a5da02497828fc2c902b30e60d5') in 0.012773 seconds 
  Import took 0.017445 seconds .

========================================================================
Received Import Request.
  Time since last request: 0.000261 seconds.
  path: Assets/ExampleAssets/Models/paintbucket_low.fbx
  artifactKey: Guid(b451a052397f03c4f8a04d915d1c0492) Importer(815301076,1909f56bfc062723c751e8b465ee728b)
Start importing Assets/ExampleAssets/Models/paintbucket_low.fbx using Guid(b451a052397f03c4f8a04d915d1c0492) Importer(815301076,1909f56bfc062723c751e8b465ee728b)  -> (artifact id: '3fb120b6ed1c9690f3c18633a9ae2dd0') in 0.173844 seconds 
  Import took 0.180188 seconds .

========================================================================
Received Import Request.
  Time since last request: 0.000244 seconds.
  path: Assets/ExampleAssets/Models/Workbench.fbx
  artifactKey: Guid(efe9381559c516743bd05cef82f39ebb) Importer(815301076,1909f56bfc062723c751e8b465ee728b)
Start importing Assets/ExampleAssets/Models/Workbench.fbx using Guid(efe9381559c516743bd05cef82f39ebb) Importer(815301076,1909f56bfc062723c751e8b465ee728b)  -> (artifact id: '9763579b58169ef327fd8d483de42484') in 0.155538 seconds 
  Import took 0.160979 seconds .

========================================================================
Received Import Request.
  Time since last request: 0.000322 seconds.
  path: Assets/ExampleAssets/Prefabs/Workbench_LOD1.prefab
  artifactKey: Guid(38d5ecfa2b93c4095b4cc5d4a590e676) Importer(815301076,1909f56bfc062723c751e8b465ee728b)
Start importing Assets/ExampleAssets/Prefabs/Workbench_LOD1.prefab using Guid(38d5ecfa2b93c4095b4cc5d4a590e676) Importer(815301076,1909f56bfc062723c751e8b465ee728b)  -> (artifact id: '9727547acf536eeb6a25b0e190fb1397') in 0.038643 seconds 
  Import took 0.044475 seconds .

========================================================================
Received Import Request.
  Time since last request: 0.000290 seconds.
  path: Assets/ExampleAssets/Materials/HardHat_Mat.mat
  artifactKey: Guid(e93789f0a5d66df4a81613935579642b) Importer(815301076,1909f56bfc062723c751e8b465ee728b)
Start importing Assets/ExampleAssets/Materials/HardHat_Mat.mat using Guid(e93789f0a5d66df4a81613935579642b) Importer(815301076,1909f56bfc062723c751e8b465ee728b)  -> (artifact id: 'f0451e8e4fc44c0c0ad06b480daab191') in 0.020851 seconds 
  Import took 0.026814 seconds .

========================================================================
Received Import Request.
  Time since last request: 0.000223 seconds.
  path: Assets/ExampleAssets/Materials/Plastic_Black_Mat.mat
  artifactKey: Guid(e745492728544aa488aa0429b6068e71) Importer(815301076,1909f56bfc062723c751e8b465ee728b)
Start importing Assets/ExampleAssets/Materials/Plastic_Black_Mat.mat using Guid(e745492728544aa488aa0429b6068e71) Importer(815301076,1909f56bfc062723c751e8b465ee728b)  -> (artifact id: '9ec41258e50d7b0724bce6a1b02e69ab') in 0.047755 seconds 
  Import took 0.053954 seconds .

========================================================================
Received Import Request.
  Time since last request: 0.000250 seconds.
  path: Assets/ExampleAssets/Materials/DryWallPainted_Mat.mat
  artifactKey: Guid(9b8eadc4de0544646b75ddcc43f8fd06) Importer(815301076,1909f56bfc062723c751e8b465ee728b)
Start importing Assets/ExampleAssets/Materials/DryWallPainted_Mat.mat using Guid(9b8eadc4de0544646b75ddcc43f8fd06) Importer(815301076,1909f56bfc062723c751e8b465ee728b)  -> (artifact id: 'e084f414280b96736064de24338bc225') in 0.017987 seconds 
  Import took 0.023091 seconds .

========================================================================
Received Import Request.
  Time since last request: 0.000191 seconds.
  path: Assets/ExampleAssets/Materials/Plastic_White_Mat.mat
  artifactKey: Guid(6cfe423139c361a459da7ed9831d4b1c) Importer(815301076,1909f56bfc062723c751e8b465ee728b)
Start importing Assets/ExampleAssets/Materials/Plastic_White_Mat.mat using Guid(6cfe423139c361a459da7ed9831d4b1c) Importer(815301076,1909f56bfc062723c751e8b465ee728b)  -> (artifact id: '7270cf5fe7035eb4043b23a71cdca86e') in 0.043525 seconds 
  Import took 0.048212 seconds .

========================================================================
Received Import Request.
  Time since last request: 0.000320 seconds.
  path: Assets/ExampleAssets/Materials/Paint1G_WAnim_Material.mat
  artifactKey: Guid(55c183dc45153be48a45c4e530127fb3) Importer(815301076,1909f56bfc062723c751e8b465ee728b)
Start importing Assets/ExampleAssets/Materials/Paint1G_WAnim_Material.mat using Guid(55c183dc45153be48a45c4e530127fb3) Importer(815301076,1909f56bfc062723c751e8b465ee728b)  -> (artifact id: '7b31a38aa84ec72b691f75649480a6fe') in 0.027054 seconds 
  Import took 0.032570 seconds .

========================================================================
Received Import Request.
  Time since last request: 0.000300 seconds.
  path: Assets/ExampleAssets/Models/Workbench_Low.fbx
  artifactKey: Guid(ff6dc36862fe41641bb21568d92147c9) Importer(815301076,1909f56bfc062723c751e8b465ee728b)
Start importing Assets/ExampleAssets/Models/Workbench_Low.fbx using Guid(ff6dc36862fe41641bb21568d92147c9) Importer(815301076,1909f56bfc062723c751e8b465ee728b)  -> (artifact id: '5f99d08570cdde3afaf55ae1a8262d9b') in 0.186422 seconds 
  Import took 0.192364 seconds .

========================================================================
Received Import Request.
  Time since last request: 0.000327 seconds.
  path: Assets/ExampleAssets/Materials/PaintBrush_Mat.mat
  artifactKey: Guid(539165557a9d3744680bb21164bea45e) Importer(815301076,1909f56bfc062723c751e8b465ee728b)
Start importing Assets/ExampleAssets/Materials/PaintBrush_Mat.mat using Guid(539165557a9d3744680bb21164bea45e) Importer(815301076,1909f56bfc062723c751e8b465ee728b)  -> (artifact id: '94f8432233d9ceec849c9f270325d606') in 0.017155 seconds 
  Import took 0.022270 seconds .

========================================================================
Received Import Request.
  Time since last request: 0.000358 seconds.
  path: Assets/ExampleAssets/Materials/Liquid_Mat.mat
  artifactKey: Guid(c532880e607f8c84d8b9bf0c46a522ad) Importer(815301076,1909f56bfc062723c751e8b465ee728b)
Start importing Assets/ExampleAssets/Materials/Liquid_Mat.mat using Guid(c532880e607f8c84d8b9bf0c46a522ad) Importer(815301076,1909f56bfc062723c751e8b465ee728b)  -> (artifact id: '3bf9985e948210718225141c8418d287') in 0.030252 seconds 
  Import took 0.035118 seconds .

========================================================================
Received Import Request.
  Time since last request: 0.000196 seconds.
  path: Assets/ExampleAssets/Materials/OBS_Mat.mat
  artifactKey: Guid(c438e5c679f1be040a135443008e2fce) Importer(815301076,1909f56bfc062723c751e8b465ee728b)
Start importing Assets/ExampleAssets/Materials/OBS_Mat.mat using Guid(c438e5c679f1be040a135443008e2fce) Importer(815301076,1909f56bfc062723c751e8b465ee728b)  -> (artifact id: 'efd04199af43445cb2cc288251b06194') in 0.017931 seconds 
  Import took 0.023569 seconds .

========================================================================
Received Import Request.
  Time since last request: 2.185673 seconds.
  path: Assets/Materials/ShaderTestMat.mat
  artifactKey: Guid(2f2573736921144e6ac46f6d58d9b014) Importer(815301076,1909f56bfc062723c751e8b465ee728b)
Start importing Assets/Materials/ShaderTestMat.mat using Guid(2f2573736921144e6ac46f6d58d9b014) Importer(815301076,1909f56bfc062723c751e8b465ee728b)  -> (artifact id: '12c933b452c3f1222e50d420893c6d57') in 0.583600 seconds 
  Import took 0.591246 seconds .

========================================================================
Received Import Request.
  Time since last request: 15.352609 seconds.
  path: Assets/Samples/Shader Graph/10.7.0/Procedural Patterns
  artifactKey: Guid(8ee9e7f9eeace4adb96d1ca3cf247f7d) Importer(815301076,1909f56bfc062723c751e8b465ee728b)
Start importing Assets/Samples/Shader Graph/10.7.0/Procedural Patterns using Guid(8ee9e7f9eeace4adb96d1ca3cf247f7d) Importer(815301076,1909f56bfc062723c751e8b465ee728b)  -> (artifact id: '35e4ce7331dfa63187f3c53e088544b7') in 0.002759 seconds 
  Import took 0.007720 seconds .

========================================================================
Received Import Request.
  Time since last request: 6.121385 seconds.
  path: Assets/Samples/Shader Graph/10.7.0/Procedural Patterns/Bacteria.shadersubgraph
  artifactKey: Guid(804c76ccbe9643147a24f07885bb47ba) Importer(815301076,1909f56bfc062723c751e8b465ee728b)
Start importing Assets/Samples/Shader Graph/10.7.0/Procedural Patterns/Bacteria.shadersubgraph using Guid(804c76ccbe9643147a24f07885bb47ba) Importer(815301076,1909f56bfc062723c751e8b465ee728b)  -> (artifact id: 'c2199cf13da1c9277ac7721e0532d5cc') in 0.196284 seconds 
  Import took 0.205519 seconds .

========================================================================
Received Import Request.
  Time since last request: 0.000435 seconds.
  path: Assets/Samples/Shader Graph/10.7.0/Procedural Patterns/Hex Lattice.shadersubgraph
  artifactKey: Guid(ae6f2edd46e88d5459d149f7a35446e1) Importer(815301076,1909f56bfc062723c751e8b465ee728b)
Start importing Assets/Samples/Shader Graph/10.7.0/Procedural Patterns/Hex Lattice.shadersubgraph using Guid(ae6f2edd46e88d5459d149f7a35446e1) Importer(815301076,1909f56bfc062723c751e8b465ee728b)  -> (artifact id: 'e8824fffa01f9b1653e73f0a0d6f6f98') in 0.002742 seconds 
  Import took 0.007554 seconds .

========================================================================
Received Import Request.
  Time since last request: 0.000324 seconds.
  path: Assets/Samples/Shader Graph/10.7.0/Procedural Patterns/Herringbone.shadersubgraph
  artifactKey: Guid(2779352ef2443b545b86854fa838b877) Importer(815301076,1909f56bfc062723c751e8b465ee728b)
Start importing Assets/Samples/Shader Graph/10.7.0/Procedural Patterns/Herringbone.shadersubgraph using Guid(2779352ef2443b545b86854fa838b877) Importer(815301076,1909f56bfc062723c751e8b465ee728b)  -> (artifact id: '438848c148ada9e89686087c343908e6') in 0.003563 seconds 
  Import took 0.009493 seconds .

========================================================================
Received Import Request.
  Time since last request: 0.000306 seconds.
  path: Assets/Samples/Shader Graph/10.7.0/Procedural Patterns/BacteriaSmoothstep.shadersubgraph
  artifactKey: Guid(e3991c0bfe9e06945833b46fb6e56055) Importer(815301076,1909f56bfc062723c751e8b465ee728b)
Start importing Assets/Samples/Shader Graph/10.7.0/Procedural Patterns/BacteriaSmoothstep.shadersubgraph using Guid(e3991c0bfe9e06945833b46fb6e56055) Importer(815301076,1909f56bfc062723c751e8b465ee728b)  -> (artifact id: '773af42c4d236aa01a5decc075e66316') in 0.002909 seconds 
  Import took 0.007684 seconds .

========================================================================
Received Import Request.
  Time since last request: 0.000344 seconds.
  path: Assets/Samples/Shader Graph/10.7.0/Procedural Patterns/Stripes.shadersubgraph
  artifactKey: Guid(1957c4e211f004e43b5a2040d7082630) Importer(815301076,1909f56bfc062723c751e8b465ee728b)
Start importing Assets/Samples/Shader Graph/10.7.0/Procedural Patterns/Stripes.shadersubgraph using Guid(1957c4e211f004e43b5a2040d7082630) Importer(815301076,1909f56bfc062723c751e8b465ee728b)  -> (artifact id: 'fcc6c956eefc93814c84b825f7475066') in 0.002394 seconds 
  Import took 0.007133 seconds .

========================================================================
Received Import Request.
  Time since last request: 0.000300 seconds.
  path: Assets/Samples/Shader Graph/10.7.0/Procedural Patterns/Dots.shadersubgraph
  artifactKey: Guid(c5c7000f861f300458b9a07bbecac164) Importer(815301076,1909f56bfc062723c751e8b465ee728b)
Start importing Assets/Samples/Shader Graph/10.7.0/Procedural Patterns/Dots.shadersubgraph using Guid(c5c7000f861f300458b9a07bbecac164) Importer(815301076,1909f56bfc062723c751e8b465ee728b)  -> (artifact id: '5bfd7ffcf43cb0b93d963b3fcb015857') in 0.002999 seconds 
  Import took 0.008678 seconds .

========================================================================
Received Import Request.
  Time since last request: 0.000341 seconds.
  path: Assets/Samples/Shader Graph/10.7.0/Procedural Patterns/Grid.shadersubgraph
  artifactKey: Guid(f2ff61a18444547458ea8849584f6bec) Importer(815301076,1909f56bfc062723c751e8b465ee728b)
Start importing Assets/Samples/Shader Graph/10.7.0/Procedural Patterns/Grid.shadersubgraph using Guid(f2ff61a18444547458ea8849584f6bec) Importer(815301076,1909f56bfc062723c751e8b465ee728b)  -> (artifact id: 'c61e3346d275b5a105a994121c8a4cd6') in 0.002397 seconds 
  Import took 0.007514 seconds .

========================================================================
Received Import Request.
  Time since last request: 0.000242 seconds.
  path: Assets/Samples/Shader Graph/10.7.0/Procedural Patterns/Truchet.shadersubgraph
  artifactKey: Guid(443a06ee36571b848aa0cc4eb4f681b4) Importer(815301076,1909f56bfc062723c751e8b465ee728b)
Start importing Assets/Samples/Shader Graph/10.7.0/Procedural Patterns/Truchet.shadersubgraph using Guid(443a06ee36571b848aa0cc4eb4f681b4) Importer(815301076,1909f56bfc062723c751e8b465ee728b)  -> (artifact id: 'aa89e4743b8ba903a616528e480492cb') in 0.002496 seconds 
  Import took 0.007757 seconds .

========================================================================
Received Import Request.
  Time since last request: 0.000403 seconds.
  path: Assets/Samples/Shader Graph/10.7.0/Procedural Patterns/Smooth Wave.shadersubgraph
  artifactKey: Guid(f450689a19af5fd4a98b097aa9136722) Importer(815301076,1909f56bfc062723c751e8b465ee728b)
Start importing Assets/Samples/Shader Graph/10.7.0/Procedural Patterns/Smooth Wave.shadersubgraph using Guid(f450689a19af5fd4a98b097aa9136722) Importer(815301076,1909f56bfc062723c751e8b465ee728b)  -> (artifact id: '9b46c8d45aee5c22704fa6acc6043143') in 0.002449 seconds 
  Import took 0.007485 seconds .

========================================================================
Received Import Request.
  Time since last request: 0.000293 seconds.
  path: Assets/Samples/Shader Graph/10.7.0/Procedural Patterns/Spiral.shadersubgraph
  artifactKey: Guid(5a26cc160e0fc0a4b9c1a14cfd3d392f) Importer(815301076,1909f56bfc062723c751e8b465ee728b)
Start importing Assets/Samples/Shader Graph/10.7.0/Procedural Patterns/Spiral.shadersubgraph using Guid(5a26cc160e0fc0a4b9c1a14cfd3d392f) Importer(815301076,1909f56bfc062723c751e8b465ee728b)  -> (artifact id: '1b782846228b9ffc4f9619739e47fa6d') in 0.002437 seconds 
  Import took 0.007554 seconds .

========================================================================
Received Import Request.
  Time since last request: 0.000424 seconds.
  path: Assets/Samples/Shader Graph/10.7.0/Procedural Patterns/Zig Zag.shadersubgraph
  artifactKey: Guid(1de2640525189284b8e549fd02f813f1) Importer(815301076,1909f56bfc062723c751e8b465ee728b)
Start importing Assets/Samples/Shader Graph/10.7.0/Procedural Patterns/Zig Zag.shadersubgraph using Guid(1de2640525189284b8e549fd02f813f1) Importer(815301076,1909f56bfc062723c751e8b465ee728b)  -> (artifact id: '86294e7efdec55c630590488e0d6489c') in 0.002264 seconds 
  Import took 0.007033 seconds .

========================================================================
Received Import Request.
  Time since last request: 0.000366 seconds.
  path: Assets/Samples/Shader Graph/10.7.0/Procedural Patterns/Brick.shadersubgraph
  artifactKey: Guid(aa594629bd691e649abe52f379f329b1) Importer(815301076,1909f56bfc062723c751e8b465ee728b)
Start importing Assets/Samples/Shader Graph/10.7.0/Procedural Patterns/Brick.shadersubgraph using Guid(aa594629bd691e649abe52f379f329b1) Importer(815301076,1909f56bfc062723c751e8b465ee728b)  -> (artifact id: 'acc22cdc855e63b3c0f3ccf47fa9a5b3') in 0.002714 seconds 
  Import took 0.008424 seconds .

========================================================================
Received Import Request.
  Time since last request: 0.000255 seconds.
  path: Assets/Samples/Shader Graph/10.7.0/Procedural Patterns/Whirl.shadersubgraph
  artifactKey: Guid(44f87539b2be2d24d86b8843f98ad277) Importer(815301076,1909f56bfc062723c751e8b465ee728b)
Start importing Assets/Samples/Shader Graph/10.7.0/Procedural Patterns/Whirl.shadersubgraph using Guid(44f87539b2be2d24d86b8843f98ad277) Importer(815301076,1909f56bfc062723c751e8b465ee728b)  -> (artifact id: '1b00be348fe57aae1494f6bb6aa3147f') in 0.003643 seconds 
  Import took 0.008387 seconds .

========================================================================
Received Import Request.
  Time since last request: 0.000461 seconds.
  path: Assets/Samples/Shader Graph/10.7.0/Procedural Patterns/Houndstooth.shadersubgraph
  artifactKey: Guid(67a22abd94d077a4282e47a4cc312992) Importer(815301076,1909f56bfc062723c751e8b465ee728b)
Start importing Assets/Samples/Shader Graph/10.7.0/Procedural Patterns/Houndstooth.shadersubgraph using Guid(67a22abd94d077a4282e47a4cc312992) Importer(815301076,1909f56bfc062723c751e8b465ee728b)  -> (artifact id: 'c0b4ef91e2990fd412d172a7afbbe0dc') in 0.002340 seconds 
  Import took 0.007447 seconds .

========================================================================
Received Import Request.
  Time since last request: 32.361093 seconds.
  path: Assets/Materials/Shader/ShaderTest1.shadergraph
  artifactKey: Guid(424c4573a496e4117b6f0e7aa0ddfd33) Importer(815301076,1909f56bfc062723c751e8b465ee728b)
Start importing Assets/Materials/Shader/ShaderTest1.shadergraph using Guid(424c4573a496e4117b6f0e7aa0ddfd33) Importer(815301076,1909f56bfc062723c751e8b465ee728b)  -> (artifact id: 'd314c038bff66bcd352d4b385ba5f185') in 0.003145 seconds 
  Import took 0.008222 seconds .

========================================================================
Received Prepare
Registering precompiled user dll's ...
Registered in 0.008199 seconds.
Begin MonoManager ReloadAssembly
Native extension for OSXStandalone target not found
Refreshing native plugins compatible for Editor in 56.13 ms, found 3 plugins.
Preloading 1 native plugins for Editor in 0.45 ms.
Mono: successfully reloaded assembly
- Completed reload, in  1.368 seconds
Domain Reload Profiling:
	ReloadAssembly (1368ms)
		BeginReloadAssembly (150ms)
			ExecutionOrderSort (0ms)
			DisableScriptedObjects (6ms)
			BackupInstance (0ms)
			ReleaseScriptingObjects (0ms)
			CreateAndSetChildDomain (78ms)
		EndReloadAssembly (1154ms)
			LoadAssemblies (76ms)
			RebuildTransferFunctionScriptingTraits (0ms)
			SetupTypeCache (392ms)
			ReleaseScriptCaches (1ms)
			RebuildScriptCaches (50ms)
			SetupLoadedEditorAssemblies (401ms)
				LogAssemblyErrors (0ms)
				InitializePlatformSupportModulesInManaged (4ms)
				SetLoadedEditorAssemblies (0ms)
				RefreshPlugins (57ms)
				BeforeProcessingInitializeOnLoad (113ms)
				ProcessInitializeOnLoadAttributes (214ms)
				ProcessInitializeOnLoadMethodAttributes (11ms)
				AfterProcessingInitializeOnLoad (1ms)
				EditorAssembliesLoaded (0ms)
			ExecutionOrderSort2 (0ms)
			AwakeInstancesAfterBackupRestoration (16ms)
Platform modules already initialized, skipping
Refreshing native plugins compatible for Editor in 0.80 ms, found 3 plugins.
Preloading 1 native plugins for Editor in 0.45 ms.
Unloading 3319 Unused Serialized files (Serialized files now loaded: 0)
System memory in use before: 296.0 MB.
System memory in use after: 296.2 MB.

Unloading 23 unused Assets to reduce memory usage. Loaded Objects now: 4015.
Total: 3.358727 ms (FindLiveObjects: 0.389429 ms CreateObjectMapping: 0.154460 ms MarkObjects: 2.637586 ms  DeleteObjects: 0.176413 ms)

AssetImportParameters requested are different than current active one (requested -> active):
  custom:video-decoder-ogg-theora: a1e56fd34408186e4bbccfd4996cb3dc -> 
  custom:container-muxer-webm: aa71ff27fc2769a1b78a27578f13a17b -> 
  custom:container-demuxer-webm: 4f35f7cbe854078d1ac9338744f61a02 -> 
  custom:container-demuxer-ogg: 62fdf1f143b41e24485cea50d1cbac27 -> 
  custom:video-encoder-webm-vp8: eb34c28f22e8b96e1ab97ce403110664 -> 
  custom:framework-osx-AVFoundation: e770b220cccbd017edd2c1fefb359320 -> 
  custom:video-decoder-webm-vp8: 9c59270c3fd7afecdb556c50c9e8de78 -> 
  custom:audio-decoder-ogg-vorbis: bf7c407c2cedff20999df2af8eb42d56 -> 
  custom:audio-encoder-webm-vorbis: bf7c407c2cedff20999df2af8eb42d56 -> 
========================================================================
Received Import Request.
  Time since last request: 116.828376 seconds.
  path: Assets/Samples/Visual Effect Graph/10.7.0/VisualEffectGraph Additions
  artifactKey: Guid(33d1e01c751e3406a9b03f596987814b) Importer(815301076,1909f56bfc062723c751e8b465ee728b)
Start importing Assets/Samples/Visual Effect Graph/10.7.0/VisualEffectGraph Additions using Guid(33d1e01c751e3406a9b03f596987814b) Importer(815301076,1909f56bfc062723c751e8b465ee728b)  -> (artifact id: '9af35953cd5838a9cf0dc4f33e0ca2cf') in 0.007681 seconds 
  Import took 0.014148 seconds .

========================================================================
Received Import Request.
  Time since last request: 3.050621 seconds.
  path: Assets/Samples/Visual Effect Graph/10.7.0/OutputEvent Helpers
  artifactKey: Guid(ce2f6a96b86504491bf3127a253bfbb0) Importer(815301076,1909f56bfc062723c751e8b465ee728b)
Start importing Assets/Samples/Visual Effect Graph/10.7.0/OutputEvent Helpers using Guid(ce2f6a96b86504491bf3127a253bfbb0) Importer(815301076,1909f56bfc062723c751e8b465ee728b)  -> (artifact id: 'a69c28e042517fe1743d08b6ce117999') in 0.002139 seconds 
  Import took 0.010343 seconds .

========================================================================
Received Prepare
Registering precompiled user dll's ...
Registered in 0.008153 seconds.
Begin MonoManager ReloadAssembly
Native extension for OSXStandalone target not found
Refreshing native plugins compatible for Editor in 0.65 ms, found 3 plugins.
Preloading 1 native plugins for Editor in 0.48 ms.
Mono: successfully reloaded assembly
- Completed reload, in  1.466 seconds
Domain Reload Profiling:
	ReloadAssembly (1467ms)
		BeginReloadAssembly (144ms)
			ExecutionOrderSort (0ms)
			DisableScriptedObjects (5ms)
			BackupInstance (0ms)
			ReleaseScriptingObjects (0ms)
			CreateAndSetChildDomain (80ms)
		EndReloadAssembly (1253ms)
			LoadAssemblies (83ms)
			RebuildTransferFunctionScriptingTraits (0ms)
			SetupTypeCache (418ms)
			ReleaseScriptCaches (2ms)
			RebuildScriptCaches (92ms)
			SetupLoadedEditorAssemblies (414ms)
				LogAssemblyErrors (0ms)
				InitializePlatformSupportModulesInManaged (4ms)
				SetLoadedEditorAssemblies (1ms)
				RefreshPlugins (1ms)
				BeforeProcessingInitializeOnLoad (133ms)
				ProcessInitializeOnLoadAttributes (260ms)
				ProcessInitializeOnLoadMethodAttributes (13ms)
				AfterProcessingInitializeOnLoad (1ms)
				EditorAssembliesLoaded (0ms)
			ExecutionOrderSort2 (0ms)
			AwakeInstancesAfterBackupRestoration (21ms)
Platform modules already initialized, skipping
Refreshing native plugins compatible for Editor in 0.64 ms, found 3 plugins.
Preloading 1 native plugins for Editor in 0.44 ms.
Unloading 3331 Unused Serialized files (Serialized files now loaded: 0)
System memory in use before: 296.8 MB.
System memory in use after: 296.9 MB.

Unloading 23 unused Assets to reduce memory usage. Loaded Objects now: 4033.
Total: 3.433344 ms (FindLiveObjects: 0.258935 ms CreateObjectMapping: 0.168316 ms MarkObjects: 2.881950 ms  DeleteObjects: 0.123217 ms)

AssetImportParameters requested are different than current active one (requested -> active):
  custom:video-decoder-ogg-theora: a1e56fd34408186e4bbccfd4996cb3dc -> 
  custom:container-muxer-webm: aa71ff27fc2769a1b78a27578f13a17b -> 
  custom:container-demuxer-webm: 4f35f7cbe854078d1ac9338744f61a02 -> 
  custom:container-demuxer-ogg: 62fdf1f143b41e24485cea50d1cbac27 -> 
  custom:video-encoder-webm-vp8: eb34c28f22e8b96e1ab97ce403110664 -> 
  custom:framework-osx-AVFoundation: e770b220cccbd017edd2c1fefb359320 -> 
  custom:video-decoder-webm-vp8: 9c59270c3fd7afecdb556c50c9e8de78 -> 
  custom:audio-decoder-ogg-vorbis: bf7c407c2cedff20999df2af8eb42d56 -> 
  custom:audio-encoder-webm-vorbis: bf7c407c2cedff20999df2af8eb42d56 -> 
========================================================================
Received Import Request.
  Time since last request: 17.294613 seconds.
  path: Assets/Samples/Visual Effect Graph/10.7.0/VisualEffectGraph Additions/Shaders
  artifactKey: Guid(7b9d43e1b3e9c21428cd9014b3bcaf13) Importer(815301076,1909f56bfc062723c751e8b465ee728b)
Start importing Assets/Samples/Visual Effect Graph/10.7.0/VisualEffectGraph Additions/Shaders using Guid(7b9d43e1b3e9c21428cd9014b3bcaf13) Importer(815301076,1909f56bfc062723c751e8b465ee728b)  -> (artifact id: '994f84802003190333f2378a5346ba23') in 0.005444 seconds 
  Import took 0.010415 seconds .

========================================================================
Received Import Request.
  Time since last request: 0.000276 seconds.
  path: Assets/Samples/Visual Effect Graph/10.7.0/OutputEvent Helpers/Runtime
  artifactKey: Guid(b2967ce3dd2829648befbb489e688bf3) Importer(815301076,1909f56bfc062723c751e8b465ee728b)
Start importing Assets/Samples/Visual Effect Graph/10.7.0/OutputEvent Helpers/Runtime using Guid(b2967ce3dd2829648befbb489e688bf3) Importer(815301076,1909f56bfc062723c751e8b465ee728b)  -> (artifact id: '0387a45cb9835c7e79c02af6b2ca0771') in 0.001678 seconds 
  Import took 0.009887 seconds .

========================================================================
Received Import Request.
  Time since last request: 1.859288 seconds.
  path: Assets/Samples/Visual Effect Graph/10.7.0/VisualEffectGraph Additions/Prefabs/Bonfire.prefab
  artifactKey: Guid(66827c59bc6abbc4ca6634d6c119529d) Importer(815301076,1909f56bfc062723c751e8b465ee728b)
Start importing Assets/Samples/Visual Effect Graph/10.7.0/VisualEffectGraph Additions/Prefabs/Bonfire.prefab using Guid(66827c59bc6abbc4ca6634d6c119529d) Importer(815301076,1909f56bfc062723c751e8b465ee728b)  -> (artifact id: '78e22412d77f4d09362ddbd8a1403e40') in 0.146151 seconds 
  Import took 0.154693 seconds .

========================================================================
Received Import Request.
  Time since last request: 0.000382 seconds.
  path: Assets/Samples/Visual Effect Graph/10.7.0/VisualEffectGraph Additions/Prefabs/Sparks.prefab
  artifactKey: Guid(baf9b3cbc1b6f6b43b56f9385a79686f) Importer(815301076,1909f56bfc062723c751e8b465ee728b)
Start importing Assets/Samples/Visual Effect Graph/10.7.0/VisualEffectGraph Additions/Prefabs/Sparks.prefab using Guid(baf9b3cbc1b6f6b43b56f9385a79686f) Importer(815301076,1909f56bfc062723c751e8b465ee728b)  -> (artifact id: '4cc92aeff52c7d1b2f936543847ecd5b') in 0.039230 seconds 
  Import took 0.045785 seconds .

========================================================================
Received Import Request.
  Time since last request: 0.000409 seconds.
  path: Assets/Samples/Visual Effect Graph/10.7.0/VisualEffectGraph Additions/Prefabs/Lightning.prefab
  artifactKey: Guid(ed06378267a080f4c83e1c3ec7e39694) Importer(815301076,1909f56bfc062723c751e8b465ee728b)
Start importing Assets/Samples/Visual Effect Graph/10.7.0/VisualEffectGraph Additions/Prefabs/Lightning.prefab using Guid(ed06378267a080f4c83e1c3ec7e39694) Importer(815301076,1909f56bfc062723c751e8b465ee728b)  -> (artifact id: '5f1f1bbe619d145cf8045d7398b6b7a9') in 0.047435 seconds 
  Import took 0.057516 seconds .

========================================================================
Received Import Request.
  Time since last request: 0.000409 seconds.
  path: Assets/Samples/Visual Effect Graph/10.7.0/VisualEffectGraph Additions/Prefabs/Smoke.prefab
  artifactKey: Guid(6af594ec822b0d841896bd627ba57625) Importer(815301076,1909f56bfc062723c751e8b465ee728b)
Start importing Assets/Samples/Visual Effect Graph/10.7.0/VisualEffectGraph Additions/Prefabs/Smoke.prefab using Guid(6af594ec822b0d841896bd627ba57625) Importer(815301076,1909f56bfc062723c751e8b465ee728b)  -> (artifact id: '8bb3fdf90f468656d4f86c380b7a9a15') in 0.016405 seconds 
  Import took 0.025173 seconds .

========================================================================
Received Import Request.
  Time since last request: 127.534489 seconds.
  path: Assets/Samples/Visual Effect Graph/10.7.0/VisualEffectGraph Additions/VFX/Bonfire.vfx
  artifactKey: Guid(802baa82f72c9374dbfe0f8119568ca7) Importer(815301076,1909f56bfc062723c751e8b465ee728b)
Start importing Assets/Samples/Visual Effect Graph/10.7.0/VisualEffectGraph Additions/VFX/Bonfire.vfx using Guid(802baa82f72c9374dbfe0f8119568ca7) Importer(815301076,1909f56bfc062723c751e8b465ee728b)  -> (artifact id: 'e20b641a05a20b787166907ddc3161ed') in 0.206249 seconds 
  Import took 0.215644 seconds .

========================================================================
Received Import Request.
  Time since last request: 0.000266 seconds.
  path: Assets/Samples/Visual Effect Graph/10.7.0/VisualEffectGraph Additions/VFX/Flames.vfx
  artifactKey: Guid(7bd183dba260d48499f98eb7980dbe78) Importer(815301076,1909f56bfc062723c751e8b465ee728b)
Start importing Assets/Samples/Visual Effect Graph/10.7.0/VisualEffectGraph Additions/VFX/Flames.vfx using Guid(7bd183dba260d48499f98eb7980dbe78) Importer(815301076,1909f56bfc062723c751e8b465ee728b)  -> (artifact id: '8b06100a369a5d64a797307c9e8e7b03') in 0.004923 seconds 
  Import took 0.011943 seconds .

========================================================================
Received Import Request.
  Time since last request: 0.000304 seconds.
  path: Assets/Samples/Visual Effect Graph/10.7.0/VisualEffectGraph Additions/VFX/Lightning.vfx
  artifactKey: Guid(ec44b98d7fa7d6240ae46abe9bee0f92) Importer(815301076,1909f56bfc062723c751e8b465ee728b)
Start importing Assets/Samples/Visual Effect Graph/10.7.0/VisualEffectGraph Additions/VFX/Lightning.vfx using Guid(ec44b98d7fa7d6240ae46abe9bee0f92) Importer(815301076,1909f56bfc062723c751e8b465ee728b)  -> (artifact id: 'b67dc297a9e516ccb2ad694bb280ebd2') in 0.006536 seconds 
  Import took 0.012011 seconds .

========================================================================
Received Import Request.
  Time since last request: 0.000367 seconds.
  path: Assets/Samples/Visual Effect Graph/10.7.0/VisualEffectGraph Additions/VFX/Sparks.vfx
  artifactKey: Guid(1194657162895cf41a278fe3576dbb4a) Importer(815301076,1909f56bfc062723c751e8b465ee728b)
Start importing Assets/Samples/Visual Effect Graph/10.7.0/VisualEffectGraph Additions/VFX/Sparks.vfx using Guid(1194657162895cf41a278fe3576dbb4a) Importer(815301076,1909f56bfc062723c751e8b465ee728b)  -> (artifact id: 'f90eac2e24689fae7409e78a8b793293') in 0.005412 seconds 
  Import took 0.011047 seconds .

========================================================================
Received Import Request.
  Time since last request: 0.000274 seconds.
  path: Assets/Samples/Visual Effect Graph/10.7.0/VisualEffectGraph Additions/VFX/Smoke.vfx
  artifactKey: Guid(80b43ce65143a8240bcdc7cc368e7261) Importer(815301076,1909f56bfc062723c751e8b465ee728b)
Start importing Assets/Samples/Visual Effect Graph/10.7.0/VisualEffectGraph Additions/VFX/Smoke.vfx using Guid(80b43ce65143a8240bcdc7cc368e7261) Importer(815301076,1909f56bfc062723c751e8b465ee728b)  -> (artifact id: '7d666fcb09f2f1b9b61311f2cb148c59') in 0.005635 seconds 
  Import took 0.011581 seconds .

========================================================================
Received Prepare
Registering precompiled user dll's ...
Registered in 0.007416 seconds.
Begin MonoManager ReloadAssembly
Native extension for OSXStandalone target not found
Refreshing native plugins compatible for Editor in 1.13 ms, found 3 plugins.
Preloading 1 native plugins for Editor in 0.59 ms.
Mono: successfully reloaded assembly
- Completed reload, in  1.532 seconds
Domain Reload Profiling:
	ReloadAssembly (1540ms)
		BeginReloadAssembly (145ms)
			ExecutionOrderSort (0ms)
			DisableScriptedObjects (6ms)
			BackupInstance (0ms)
			ReleaseScriptingObjects (0ms)
			CreateAndSetChildDomain (85ms)
		EndReloadAssembly (1327ms)
			LoadAssemblies (75ms)
			RebuildTransferFunctionScriptingTraits (0ms)
			SetupTypeCache (505ms)
			ReleaseScriptCaches (2ms)
			RebuildScriptCaches (91ms)
			SetupLoadedEditorAssemblies (410ms)
				LogAssemblyErrors (0ms)
				InitializePlatformSupportModulesInManaged (5ms)
				SetLoadedEditorAssemblies (1ms)
				RefreshPlugins (2ms)
				BeforeProcessingInitializeOnLoad (138ms)
				ProcessInitializeOnLoadAttributes (251ms)
				ProcessInitializeOnLoadMethodAttributes (12ms)
				AfterProcessingInitializeOnLoad (2ms)
				EditorAssembliesLoaded (0ms)
			ExecutionOrderSort2 (0ms)
			AwakeInstancesAfterBackupRestoration (21ms)
Platform modules already initialized, skipping
Refreshing native plugins compatible for Editor in 0.70 ms, found 3 plugins.
Preloading 1 native plugins for Editor in 0.48 ms.
Unloading 3331 Unused Serialized files (Serialized files now loaded: 0)
System memory in use before: 301.3 MB.
System memory in use after: 301.5 MB.

Unloading 23 unused Assets to reduce memory usage. Loaded Objects now: 4072.
Total: 3.402797 ms (FindLiveObjects: 0.258392 ms CreateObjectMapping: 0.118073 ms MarkObjects: 2.902015 ms  DeleteObjects: 0.123218 ms)

AssetImportParameters requested are different than current active one (requested -> active):
  custom:video-decoder-ogg-theora: a1e56fd34408186e4bbccfd4996cb3dc -> 
  custom:container-muxer-webm: aa71ff27fc2769a1b78a27578f13a17b -> 
  custom:container-demuxer-webm: 4f35f7cbe854078d1ac9338744f61a02 -> 
  custom:container-demuxer-ogg: 62fdf1f143b41e24485cea50d1cbac27 -> 
  custom:video-encoder-webm-vp8: eb34c28f22e8b96e1ab97ce403110664 -> 
  custom:framework-osx-AVFoundation: e770b220cccbd017edd2c1fefb359320 -> 
  custom:video-decoder-webm-vp8: 9c59270c3fd7afecdb556c50c9e8de78 -> 
  custom:audio-decoder-ogg-vorbis: bf7c407c2cedff20999df2af8eb42d56 -> 
  custom:audio-encoder-webm-vorbis: bf7c407c2cedff20999df2af8eb42d56 -> 
========================================================================
Received Import Request.
  Time since last request: 12.136781 seconds.
  path: Assets/Samples/Visual Effect Graph/10.7.0/VisualEffectGraph Additions/VFX/Lightning.vfx
  artifactKey: Guid(ec44b98d7fa7d6240ae46abe9bee0f92) Importer(815301076,1909f56bfc062723c751e8b465ee728b)
Start importing Assets/Samples/Visual Effect Graph/10.7.0/VisualEffectGraph Additions/VFX/Lightning.vfx using Guid(ec44b98d7fa7d6240ae46abe9bee0f92) Importer(815301076,1909f56bfc062723c751e8b465ee728b)  -> (artifact id: '65ad2764ff47baf679e5d4905b36fb06') in 0.021066 seconds 
  Import took 0.028282 seconds .

========================================================================
Received Import Request.
  Time since last request: 34.480206 seconds.
  path: Assets/Samples/Visual Effect Graph/10.7.0/VisualEffectGraph Additions/VFX/Lightning.vfx
  artifactKey: Guid(ec44b98d7fa7d6240ae46abe9bee0f92) Importer(815301076,1909f56bfc062723c751e8b465ee728b)
Start importing Assets/Samples/Visual Effect Graph/10.7.0/VisualEffectGraph Additions/VFX/Lightning.vfx using Guid(ec44b98d7fa7d6240ae46abe9bee0f92) Importer(815301076,1909f56bfc062723c751e8b465ee728b)  -> (artifact id: '89cfc6223478fdb734d509bcc6dca66f') in 0.017186 seconds 
  Import took 0.028297 seconds .

========================================================================
Received Import Request.
  Time since last request: 4.245705 seconds.
  path: Assets/Samples/Visual Effect Graph/10.7.0/VisualEffectGraph Additions/VFX/Flames.vfx
  artifactKey: Guid(7bd183dba260d48499f98eb7980dbe78) Importer(815301076,1909f56bfc062723c751e8b465ee728b)
Start importing Assets/Samples/Visual Effect Graph/10.7.0/VisualEffectGraph Additions/VFX/Flames.vfx using Guid(7bd183dba260d48499f98eb7980dbe78) Importer(815301076,1909f56bfc062723c751e8b465ee728b)  -> (artifact id: '1522d42f2873337ff0e2cf9d0e2ddc47') in 0.006684 seconds 
  Import took 0.013378 seconds .

========================================================================
Received Import Request.
  Time since last request: 0.011082 seconds.
  path: Assets/Samples/Visual Effect Graph/10.7.0/VisualEffectGraph Additions/VFX/Bonfire.vfx
  artifactKey: Guid(802baa82f72c9374dbfe0f8119568ca7) Importer(815301076,1909f56bfc062723c751e8b465ee728b)
Start importing Assets/Samples/Visual Effect Graph/10.7.0/VisualEffectGraph Additions/VFX/Bonfire.vfx using Guid(802baa82f72c9374dbfe0f8119568ca7) Importer(815301076,1909f56bfc062723c751e8b465ee728b)  -> (artifact id: '2a3222d37466e55347ac73aa83882892') in 0.008579 seconds 
  Import took 0.015906 seconds .

========================================================================
Received Import Request.
  Time since last request: 34.812117 seconds.
  path: Assets/Samples/Visual Effect Graph/10.7.0/VisualEffectGraph Additions/VFX/Flames.vfx
  artifactKey: Guid(7bd183dba260d48499f98eb7980dbe78) Importer(815301076,1909f56bfc062723c751e8b465ee728b)
Start importing Assets/Samples/Visual Effect Graph/10.7.0/VisualEffectGraph Additions/VFX/Flames.vfx using Guid(7bd183dba260d48499f98eb7980dbe78) Importer(815301076,1909f56bfc062723c751e8b465ee728b)  -> (artifact id: 'cb2e62cec60178e9d1228187ab672198') in 0.005778 seconds 
  Import took 0.012365 seconds .

========================================================================
Received Import Request.
  Time since last request: 0.010976 seconds.
  path: Assets/Samples/Visual Effect Graph/10.7.0/VisualEffectGraph Additions/VFX/Bonfire.vfx
  artifactKey: Guid(802baa82f72c9374dbfe0f8119568ca7) Importer(815301076,1909f56bfc062723c751e8b465ee728b)
Start importing Assets/Samples/Visual Effect Graph/10.7.0/VisualEffectGraph Additions/VFX/Bonfire.vfx using Guid(802baa82f72c9374dbfe0f8119568ca7) Importer(815301076,1909f56bfc062723c751e8b465ee728b)  -> (artifact id: '2ead3545e99e9800ffa910dde2610086') in 0.009112 seconds 
  Import took 0.019485 seconds .

========================================================================
Received Import Request.
  Time since last request: 5.949604 seconds.
  path: Assets/Samples/Visual Effect Graph/10.7.0/VisualEffectGraph Additions/VFX/Flames.vfx
  artifactKey: Guid(7bd183dba260d48499f98eb7980dbe78) Importer(815301076,1909f56bfc062723c751e8b465ee728b)
Start importing Assets/Samples/Visual Effect Graph/10.7.0/VisualEffectGraph Additions/VFX/Flames.vfx using Guid(7bd183dba260d48499f98eb7980dbe78) Importer(815301076,1909f56bfc062723c751e8b465ee728b)  -> (artifact id: '203f339cd0c17cea846df2bb3737fc6a') in 0.006585 seconds 
  Import took 0.015005 seconds .

========================================================================
Received Import Request.
  Time since last request: 0.016067 seconds.
  path: Assets/Samples/Visual Effect Graph/10.7.0/VisualEffectGraph Additions/VFX/Bonfire.vfx
  artifactKey: Guid(802baa82f72c9374dbfe0f8119568ca7) Importer(815301076,1909f56bfc062723c751e8b465ee728b)
Start importing Assets/Samples/Visual Effect Graph/10.7.0/VisualEffectGraph Additions/VFX/Bonfire.vfx using Guid(802baa82f72c9374dbfe0f8119568ca7) Importer(815301076,1909f56bfc062723c751e8b465ee728b)  -> (artifact id: '2641870cec194605dfd4a97586f455db') in 0.012734 seconds 
  Import took 0.027118 seconds .

========================================================================
Received Import Request.
  Time since last request: 0.000318 seconds.
  path: Assets/Samples/Visual Effect Graph/10.7.0/VisualEffectGraph Additions/VFX/Lightning.vfx
  artifactKey: Guid(ec44b98d7fa7d6240ae46abe9bee0f92) Importer(815301076,1909f56bfc062723c751e8b465ee728b)
Start importing Assets/Samples/Visual Effect Graph/10.7.0/VisualEffectGraph Additions/VFX/Lightning.vfx using Guid(ec44b98d7fa7d6240ae46abe9bee0f92) Importer(815301076,1909f56bfc062723c751e8b465ee728b)  -> (artifact id: '46c578b65b56b146aa6d71f8ca7ff45c') in 0.008081 seconds 
  Import took 0.015472 seconds .

========================================================================
Received Import Request.
  Time since last request: 0.000282 seconds.
  path: Assets/Samples/Visual Effect Graph/10.7.0/VisualEffectGraph Additions/VFX/Sparks.vfx
  artifactKey: Guid(1194657162895cf41a278fe3576dbb4a) Importer(815301076,1909f56bfc062723c751e8b465ee728b)
Start importing Assets/Samples/Visual Effect Graph/10.7.0/VisualEffectGraph Additions/VFX/Sparks.vfx using Guid(1194657162895cf41a278fe3576dbb4a) Importer(815301076,1909f56bfc062723c751e8b465ee728b)  -> (artifact id: 'c3b0dc9c966925b0eec124610a1f8ce9') in 0.005835 seconds 
  Import took 0.012597 seconds .

========================================================================
Received Import Request.
  Time since last request: 797.125810 seconds.
  path: Assets/Materials/Shader/ShaderTest1.shadergraph
  artifactKey: Guid(424c4573a496e4117b6f0e7aa0ddfd33) Importer(815301076,1909f56bfc062723c751e8b465ee728b)
Start importing Assets/Materials/Shader/ShaderTest1.shadergraph using Guid(424c4573a496e4117b6f0e7aa0ddfd33) Importer(815301076,1909f56bfc062723c751e8b465ee728b)  -> (artifact id: '65adf7aec29fcb0f3cb96f2425a0aa33') in 0.006455 seconds 
  Import took 0.017792 seconds .

